<?xml version="1.0" encoding="UTF-8"?>
<testsuite name="co.ceiba.parking.VerificarPlacaConElDia" tests="4" skipped="0" failures="0" errors="0" timestamp="2018-02-19T20:48:08" hostname="WILMAR-GALEANO" time="0.013">
  <properties/>
  <testcase name="testVerificarPlacaTieneLetraAyDiaDomingo" classname="co.ceiba.parking.VerificarPlacaConElDia" time="0.003"/>
  <testcase name="testVerificarPlacaNoTieneLetraAyDiaDomingo" classname="co.ceiba.parking.VerificarPlacaConElDia" time="0.002"/>
  <testcase name="testVerificarPlacaTieneLetraAyDiaLunes" classname="co.ceiba.parking.VerificarPlacaConElDia" time="0.003"/>
  <testcase name="testVerificarPlacaNoTieneLetraAyDiaLunes" classname="co.ceiba.parking.VerificarPlacaConElDia" time="0.002"/>
  <system-out><![CDATA[2018-02-19 15:48:08.927  INFO 8164 --- [    Test worker] .b.t.c.SpringBootTestContextBootstrapper : Neither @ContextConfiguration nor @ContextHierarchy found for test class [co.ceiba.parking.VerificarPlacaConElDia], using SpringBootContextLoader
2018-02-19 15:48:08.928  INFO 8164 --- [    Test worker] o.s.t.c.support.AbstractContextLoader    : Could not detect default resource locations for test class [co.ceiba.parking.VerificarPlacaConElDia]: no resource found for suffixes {-context.xml, Context.groovy}.
2018-02-19 15:48:08.933  INFO 8164 --- [    Test worker] .b.t.c.SpringBootTestContextBootstrapper : Loaded default TestExecutionListener class names from location [META-INF/spring.factories]: [org.springframework.boot.test.mock.mockito.MockitoTestExecutionListener, org.springframework.boot.test.mock.mockito.ResetMocksTestExecutionListener, org.springframework.boot.test.autoconfigure.restdocs.RestDocsTestExecutionListener, org.springframework.boot.test.autoconfigure.web.client.MockRestServiceServerResetTestExecutionListener, org.springframework.boot.test.autoconfigure.web.servlet.MockMvcPrintOnlyOnFailureTestExecutionListener, org.springframework.boot.test.autoconfigure.web.servlet.WebDriverTestExecutionListener, org.springframework.test.context.web.ServletTestExecutionListener, org.springframework.test.context.support.DirtiesContextBeforeModesTestExecutionListener, org.springframework.test.context.support.DependencyInjectionTestExecutionListener, org.springframework.test.context.support.DirtiesContextTestExecutionListener, org.springframework.test.context.transaction.TransactionalTestExecutionListener, org.springframework.test.context.jdbc.SqlScriptsTestExecutionListener]
2018-02-19 15:48:08.936  INFO 8164 --- [    Test worker] .b.t.c.SpringBootTestContextBootstrapper : Using TestExecutionListeners: [org.springframework.test.context.web.ServletTestExecutionListener@79ae5cf9, org.springframework.test.context.support.DirtiesContextBeforeModesTestExecutionListener@5caa3b9d, org.springframework.boot.test.autoconfigure.SpringBootDependencyInjectionTestExecutionListener@6a7f0222, org.springframework.test.context.support.DirtiesContextTestExecutionListener@78401ab9, org.springframework.test.context.transaction.TransactionalTestExecutionListener@7382d8dc, org.springframework.test.context.jdbc.SqlScriptsTestExecutionListener@7e7973e2, org.springframework.boot.test.autoconfigure.restdocs.RestDocsTestExecutionListener@6c85101d, org.springframework.boot.test.autoconfigure.web.client.MockRestServiceServerResetTestExecutionListener@14e85ae6, org.springframework.boot.test.mock.mockito.MockitoTestExecutionListener@71c9349f, org.springframework.boot.test.mock.mockito.ResetMocksTestExecutionListener@441aaf27, org.springframework.boot.test.autoconfigure.web.servlet.MockMvcPrintOnlyOnFailureTestExecutionListener@5b4a41, org.springframework.boot.test.autoconfigure.web.servlet.WebDriverTestExecutionListener@56b20fc6]
]]></system-out>
  <system-err><![CDATA[]]></system-err>
</testsuite>
