<?xml version="1.0" encoding="UTF-8"?>
<testsuite name="co.ceiba.parking.ValorAdicionalCilindrajeTest" tests="2" skipped="0" failures="0" errors="0" timestamp="2018-03-05T20:32:00" hostname="WILMAR-GALEANO" time="0.012">
  <properties/>
  <testcase name="ValorAdicionalCilindrajeValidotest" classname="co.ceiba.parking.ValorAdicionalCilindrajeTest" time="0.005"/>
  <testcase name="ValorAdicionalCilindrajeNoValidotest" classname="co.ceiba.parking.ValorAdicionalCilindrajeTest" time="0.006"/>
  <system-out><![CDATA[2018-03-05 15:32:00.644  INFO 12760 --- [    Test worker] .b.t.c.SpringBootTestContextBootstrapper : Neither @ContextConfiguration nor @ContextHierarchy found for test class [co.ceiba.parking.ValorAdicionalCilindrajeTest], using SpringBootContextLoader
2018-03-05 15:32:00.645  INFO 12760 --- [    Test worker] o.s.t.c.support.AbstractContextLoader    : Could not detect default resource locations for test class [co.ceiba.parking.ValorAdicionalCilindrajeTest]: no resource found for suffixes {-context.xml, Context.groovy}.
2018-03-05 15:32:00.656  INFO 12760 --- [    Test worker] .b.t.c.SpringBootTestContextBootstrapper : Loaded default TestExecutionListener class names from location [META-INF/spring.factories]: [org.springframework.boot.test.mock.mockito.MockitoTestExecutionListener, org.springframework.boot.test.mock.mockito.ResetMocksTestExecutionListener, org.springframework.boot.test.autoconfigure.restdocs.RestDocsTestExecutionListener, org.springframework.boot.test.autoconfigure.web.client.MockRestServiceServerResetTestExecutionListener, org.springframework.boot.test.autoconfigure.web.servlet.MockMvcPrintOnlyOnFailureTestExecutionListener, org.springframework.boot.test.autoconfigure.web.servlet.WebDriverTestExecutionListener, org.springframework.test.context.web.ServletTestExecutionListener, org.springframework.test.context.support.DirtiesContextBeforeModesTestExecutionListener, org.springframework.test.context.support.DependencyInjectionTestExecutionListener, org.springframework.test.context.support.DirtiesContextTestExecutionListener, org.springframework.test.context.transaction.TransactionalTestExecutionListener, org.springframework.test.context.jdbc.SqlScriptsTestExecutionListener]
2018-03-05 15:32:00.664  INFO 12760 --- [    Test worker] .b.t.c.SpringBootTestContextBootstrapper : Using TestExecutionListeners: [org.springframework.test.context.web.ServletTestExecutionListener@786fd68b, org.springframework.test.context.support.DirtiesContextBeforeModesTestExecutionListener@2fcfd05b, org.springframework.boot.test.autoconfigure.SpringBootDependencyInjectionTestExecutionListener@29d19932, org.springframework.test.context.support.DirtiesContextTestExecutionListener@4eb770a3, org.springframework.test.context.transaction.TransactionalTestExecutionListener@486a3c70, org.springframework.test.context.jdbc.SqlScriptsTestExecutionListener@19f6602e, org.springframework.boot.test.mock.mockito.MockitoTestExecutionListener@3c4b722b, org.springframework.boot.test.autoconfigure.web.servlet.MockMvcPrintOnlyOnFailureTestExecutionListener@490c3f69, org.springframework.boot.test.mock.mockito.ResetMocksTestExecutionListener@501c1384, org.springframework.boot.test.autoconfigure.web.client.MockRestServiceServerResetTestExecutionListener@7a41feb9, org.springframework.boot.test.autoconfigure.web.servlet.WebDriverTestExecutionListener@1d7c11f0, org.springframework.boot.test.autoconfigure.restdocs.RestDocsTestExecutionListener@35239241]
2018-03-05 15:32:00.676  INFO 12760 --- [    Test worker] o.s.t.c.transaction.TransactionContext   : Began transaction (1) for test context [DefaultTestContext@4f74cf24 testClass = ValorAdicionalCilindrajeTest, testInstance = co.ceiba.parking.ValorAdicionalCilindrajeTest@4cfa95cc, testMethod = ValorAdicionalCilindrajeValidotest@ValorAdicionalCilindrajeTest, testException = [null], mergedContextConfiguration = [WebMergedContextConfiguration@5133752 testClass = ValorAdicionalCilindrajeTest, locations = '{}', classes = '{class co.ceiba.parking.ParkingApplication, class co.ceiba.parking.ParkingApplication}', contextInitializerClasses = '[]', activeProfiles = '{}', propertySourceLocations = '{}', propertySourceProperties = '{org.springframework.boot.test.context.SpringBootTestContextBootstrapper=true}', contextCustomizers = set[org.springframework.boot.test.context.SpringBootTestContextCustomizer@fd24de4, org.springframework.boot.test.context.filter.ExcludeFilterContextCustomizer@47f160a9, org.springframework.boot.test.json.DuplicateJsonObjectContextCustomizerFactory$DuplicateJsonObjectContextCustomizer@37854895, org.springframework.boot.test.mock.mockito.MockitoContextCustomizer@0, org.springframework.boot.test.autoconfigure.properties.PropertyMappingContextCustomizer@0, org.springframework.boot.test.autoconfigure.web.servlet.WebDriverContextCustomizerFactory$Customizer@10033366], resourceBasePath = 'src/main/webapp', contextLoader = 'org.springframework.boot.test.context.SpringBootContextLoader', parent = [null]]]; transaction manager [org.springframework.orm.jpa.JpaTransactionManager@139cf8c7]; rollback [true]
2018-03-05 15:32:00.680  INFO 12760 --- [    Test worker] o.s.t.c.transaction.TransactionContext   : Rolled back transaction for test context [DefaultTestContext@4f74cf24 testClass = ValorAdicionalCilindrajeTest, testInstance = co.ceiba.parking.ValorAdicionalCilindrajeTest@4cfa95cc, testMethod = ValorAdicionalCilindrajeValidotest@ValorAdicionalCilindrajeTest, testException = [null], mergedContextConfiguration = [WebMergedContextConfiguration@5133752 testClass = ValorAdicionalCilindrajeTest, locations = '{}', classes = '{class co.ceiba.parking.ParkingApplication, class co.ceiba.parking.ParkingApplication}', contextInitializerClasses = '[]', activeProfiles = '{}', propertySourceLocations = '{}', propertySourceProperties = '{org.springframework.boot.test.context.SpringBootTestContextBootstrapper=true}', contextCustomizers = set[org.springframework.boot.test.context.SpringBootTestContextCustomizer@fd24de4, org.springframework.boot.test.context.filter.ExcludeFilterContextCustomizer@47f160a9, org.springframework.boot.test.json.DuplicateJsonObjectContextCustomizerFactory$DuplicateJsonObjectContextCustomizer@37854895, org.springframework.boot.test.mock.mockito.MockitoContextCustomizer@0, org.springframework.boot.test.autoconfigure.properties.PropertyMappingContextCustomizer@0, org.springframework.boot.test.autoconfigure.web.servlet.WebDriverContextCustomizerFactory$Customizer@10033366], resourceBasePath = 'src/main/webapp', contextLoader = 'org.springframework.boot.test.context.SpringBootContextLoader', parent = [null]]].
2018-03-05 15:32:00.682  INFO 12760 --- [    Test worker] o.s.t.c.transaction.TransactionContext   : Began transaction (1) for test context [DefaultTestContext@4f74cf24 testClass = ValorAdicionalCilindrajeTest, testInstance = co.ceiba.parking.ValorAdicionalCilindrajeTest@9379242, testMethod = ValorAdicionalCilindrajeNoValidotest@ValorAdicionalCilindrajeTest, testException = [null], mergedContextConfiguration = [WebMergedContextConfiguration@5133752 testClass = ValorAdicionalCilindrajeTest, locations = '{}', classes = '{class co.ceiba.parking.ParkingApplication, class co.ceiba.parking.ParkingApplication}', contextInitializerClasses = '[]', activeProfiles = '{}', propertySourceLocations = '{}', propertySourceProperties = '{org.springframework.boot.test.context.SpringBootTestContextBootstrapper=true}', contextCustomizers = set[org.springframework.boot.test.context.SpringBootTestContextCustomizer@fd24de4, org.springframework.boot.test.context.filter.ExcludeFilterContextCustomizer@47f160a9, org.springframework.boot.test.json.DuplicateJsonObjectContextCustomizerFactory$DuplicateJsonObjectContextCustomizer@37854895, org.springframework.boot.test.mock.mockito.MockitoContextCustomizer@0, org.springframework.boot.test.autoconfigure.properties.PropertyMappingContextCustomizer@0, org.springframework.boot.test.autoconfigure.web.servlet.WebDriverContextCustomizerFactory$Customizer@10033366], resourceBasePath = 'src/main/webapp', contextLoader = 'org.springframework.boot.test.context.SpringBootContextLoader', parent = [null]]]; transaction manager [org.springframework.orm.jpa.JpaTransactionManager@139cf8c7]; rollback [true]
2018-03-05 15:32:00.686  INFO 12760 --- [    Test worker] o.s.t.c.transaction.TransactionContext   : Rolled back transaction for test context [DefaultTestContext@4f74cf24 testClass = ValorAdicionalCilindrajeTest, testInstance = co.ceiba.parking.ValorAdicionalCilindrajeTest@9379242, testMethod = ValorAdicionalCilindrajeNoValidotest@ValorAdicionalCilindrajeTest, testException = [null], mergedContextConfiguration = [WebMergedContextConfiguration@5133752 testClass = ValorAdicionalCilindrajeTest, locations = '{}', classes = '{class co.ceiba.parking.ParkingApplication, class co.ceiba.parking.ParkingApplication}', contextInitializerClasses = '[]', activeProfiles = '{}', propertySourceLocations = '{}', propertySourceProperties = '{org.springframework.boot.test.context.SpringBootTestContextBootstrapper=true}', contextCustomizers = set[org.springframework.boot.test.context.SpringBootTestContextCustomizer@fd24de4, org.springframework.boot.test.context.filter.ExcludeFilterContextCustomizer@47f160a9, org.springframework.boot.test.json.DuplicateJsonObjectContextCustomizerFactory$DuplicateJsonObjectContextCustomizer@37854895, org.springframework.boot.test.mock.mockito.MockitoContextCustomizer@0, org.springframework.boot.test.autoconfigure.properties.PropertyMappingContextCustomizer@0, org.springframework.boot.test.autoconfigure.web.servlet.WebDriverContextCustomizerFactory$Customizer@10033366], resourceBasePath = 'src/main/webapp', contextLoader = 'org.springframework.boot.test.context.SpringBootContextLoader', parent = [null]]].
]]></system-out>
  <system-err><![CDATA[]]></system-err>
</testsuite>
