<?xml version="1.0" encoding="UTF-8"?>
<testsuite name="co.ceiba.test.parking.ParkingIngresoVehiculoTest" tests="1" skipped="0" failures="0" errors="0" timestamp="2018-01-29T19:40:04" hostname="WILMAR-GALEANO" time="0.0">
  <properties/>
  <testcase name="ingresoVehiculoTest" classname="co.ceiba.test.parking.ParkingIngresoVehiculoTest" time="0.0"/>
  <system-out><![CDATA[]]></system-out>
  <system-err><![CDATA[]]></system-err>
</testsuite>
