<?xml version="1.0" encoding="UTF-8"?>
<testsuite name="co.ceiba.parking.IngresarVehiculoTest" tests="2" skipped="0" failures="0" errors="0" timestamp="2018-03-05T20:32:00" hostname="WILMAR-GALEANO" time="0.04">
  <properties/>
  <testcase name="addVehiculoCarrotest" classname="co.ceiba.parking.IngresarVehiculoTest" time="0.022"/>
  <testcase name="addVehiculoMotoTest" classname="co.ceiba.parking.IngresarVehiculoTest" time="0.017"/>
  <system-out><![CDATA[2018-03-05 15:32:00.440  INFO 12760 --- [    Test worker] .b.t.c.SpringBootTestContextBootstrapper : Neither @ContextConfiguration nor @ContextHierarchy found for test class [co.ceiba.parking.IngresarVehiculoTest], using SpringBootContextLoader
2018-03-05 15:32:00.441  INFO 12760 --- [    Test worker] o.s.t.c.support.AbstractContextLoader    : Could not detect default resource locations for test class [co.ceiba.parking.IngresarVehiculoTest]: no resource found for suffixes {-context.xml, Context.groovy}.
2018-03-05 15:32:00.449  INFO 12760 --- [    Test worker] .b.t.c.SpringBootTestContextBootstrapper : Loaded default TestExecutionListener class names from location [META-INF/spring.factories]: [org.springframework.boot.test.mock.mockito.MockitoTestExecutionListener, org.springframework.boot.test.mock.mockito.ResetMocksTestExecutionListener, org.springframework.boot.test.autoconfigure.restdocs.RestDocsTestExecutionListener, org.springframework.boot.test.autoconfigure.web.client.MockRestServiceServerResetTestExecutionListener, org.springframework.boot.test.autoconfigure.web.servlet.MockMvcPrintOnlyOnFailureTestExecutionListener, org.springframework.boot.test.autoconfigure.web.servlet.WebDriverTestExecutionListener, org.springframework.test.context.web.ServletTestExecutionListener, org.springframework.test.context.support.DirtiesContextBeforeModesTestExecutionListener, org.springframework.test.context.support.DependencyInjectionTestExecutionListener, org.springframework.test.context.support.DirtiesContextTestExecutionListener, org.springframework.test.context.transaction.TransactionalTestExecutionListener, org.springframework.test.context.jdbc.SqlScriptsTestExecutionListener]
2018-03-05 15:32:00.451  INFO 12760 --- [    Test worker] .b.t.c.SpringBootTestContextBootstrapper : Using TestExecutionListeners: [org.springframework.test.context.web.ServletTestExecutionListener@12f8af, org.springframework.test.context.support.DirtiesContextBeforeModesTestExecutionListener@1519a45f, org.springframework.boot.test.autoconfigure.SpringBootDependencyInjectionTestExecutionListener@257d80ea, org.springframework.test.context.support.DirtiesContextTestExecutionListener@66349f00, org.springframework.test.context.transaction.TransactionalTestExecutionListener@71f4c4e9, org.springframework.test.context.jdbc.SqlScriptsTestExecutionListener@2917add4, org.springframework.boot.test.mock.mockito.MockitoTestExecutionListener@60a412cc, org.springframework.boot.test.autoconfigure.web.servlet.MockMvcPrintOnlyOnFailureTestExecutionListener@22aa4d47, org.springframework.boot.test.mock.mockito.ResetMocksTestExecutionListener@75ae0677, org.springframework.boot.test.autoconfigure.web.client.MockRestServiceServerResetTestExecutionListener@61c37c1b, org.springframework.boot.test.autoconfigure.web.servlet.WebDriverTestExecutionListener@21b1309d, org.springframework.boot.test.autoconfigure.restdocs.RestDocsTestExecutionListener@51818199]
2018-03-05 15:32:00.464  INFO 12760 --- [    Test worker] o.s.t.c.transaction.TransactionContext   : Began transaction (1) for test context [DefaultTestContext@3a229a5 testClass = IngresarVehiculoTest, testInstance = co.ceiba.parking.IngresarVehiculoTest@2d89178d, testMethod = addVehiculoCarrotest@IngresarVehiculoTest, testException = [null], mergedContextConfiguration = [WebMergedContextConfiguration@5419b860 testClass = IngresarVehiculoTest, locations = '{}', classes = '{class co.ceiba.parking.ParkingApplication, class co.ceiba.parking.ParkingApplication}', contextInitializerClasses = '[]', activeProfiles = '{}', propertySourceLocations = '{}', propertySourceProperties = '{org.springframework.boot.test.context.SpringBootTestContextBootstrapper=true}', contextCustomizers = set[org.springframework.boot.test.context.SpringBootTestContextCustomizer@fd24de4, org.springframework.boot.test.context.filter.ExcludeFilterContextCustomizer@47f160a9, org.springframework.boot.test.json.DuplicateJsonObjectContextCustomizerFactory$DuplicateJsonObjectContextCustomizer@37854895, org.springframework.boot.test.mock.mockito.MockitoContextCustomizer@0, org.springframework.boot.test.autoconfigure.properties.PropertyMappingContextCustomizer@0, org.springframework.boot.test.autoconfigure.web.servlet.WebDriverContextCustomizerFactory$Customizer@10033366], resourceBasePath = 'src/main/webapp', contextLoader = 'org.springframework.boot.test.context.SpringBootContextLoader', parent = [null]]]; transaction manager [org.springframework.orm.jpa.JpaTransactionManager@139cf8c7]; rollback [true]
2018-03-05 15:32:00.465  INFO 12760 --- [    Test worker] c.c.p.service.impl.VigilanteServiceImpl  : METHOD: addCarroServicioco.ceiba.parking.model.CarroModel@26d56c2
Hibernate: select parkingent0_.id_parking as id_parki1_1_, parkingent0_.num_celdas_carro as num_celd2_1_, parkingent0_.num_celdas_moto as num_celd3_1_, parkingent0_.precio_dia_carro as precio_d4_1_, parkingent0_.precio_dia_moto as precio_d5_1_, parkingent0_.precio_hora_carro as precio_h6_1_, parkingent0_.precio_hora_moto as precio_h7_1_ from parking parkingent0_ where parkingent0_.id_parking=?
Hibernate: select facturaent0_.id_factura as id_factu1_0_, facturaent0_.cilindraje as cilindra2_0_, facturaent0_.estado as estado3_0_, facturaent0_.hora_ingreso as hora_ing4_0_, facturaent0_.hora_salida as hora_sal5_0_, facturaent0_.pago_total as pago_tot6_0_, facturaent0_.placa as placa7_0_, facturaent0_.tiempo_de_parqueo as tiempo_d8_0_, facturaent0_.tipo_vehiculo as tipo_veh9_0_ from factura facturaent0_ where facturaent0_.placa=? and facturaent0_.estado=?
Hibernate: select parkingent0_.id_parking as id_parki1_1_, parkingent0_.num_celdas_carro as num_celd2_1_, parkingent0_.num_celdas_moto as num_celd3_1_, parkingent0_.precio_dia_carro as precio_d4_1_, parkingent0_.precio_dia_moto as precio_d5_1_, parkingent0_.precio_hora_carro as precio_h6_1_, parkingent0_.precio_hora_moto as precio_h7_1_ from parking parkingent0_ where parkingent0_.id_parking=?
Hibernate: insert into vehiculo (cilindrajes, estado, placa) values (?, ?, ?)
Hibernate: insert into factura (cilindraje, estado, hora_ingreso, hora_salida, pago_total, placa, tiempo_de_parqueo, tipo_vehiculo) values (?, ?, ?, ?, ?, ?, ?, ?)
Hibernate: select facturaent0_.id_factura as id_factu1_0_, facturaent0_.cilindraje as cilindra2_0_, facturaent0_.estado as estado3_0_, facturaent0_.hora_ingreso as hora_ing4_0_, facturaent0_.hora_salida as hora_sal5_0_, facturaent0_.pago_total as pago_tot6_0_, facturaent0_.placa as placa7_0_, facturaent0_.tiempo_de_parqueo as tiempo_d8_0_, facturaent0_.tipo_vehiculo as tipo_veh9_0_ from factura facturaent0_ where facturaent0_.placa=? and facturaent0_.estado=?
2018-03-05 15:32:00.484  INFO 12760 --- [    Test worker] o.s.t.c.transaction.TransactionContext   : Rolled back transaction for test context [DefaultTestContext@3a229a5 testClass = IngresarVehiculoTest, testInstance = co.ceiba.parking.IngresarVehiculoTest@2d89178d, testMethod = addVehiculoCarrotest@IngresarVehiculoTest, testException = [null], mergedContextConfiguration = [WebMergedContextConfiguration@5419b860 testClass = IngresarVehiculoTest, locations = '{}', classes = '{class co.ceiba.parking.ParkingApplication, class co.ceiba.parking.ParkingApplication}', contextInitializerClasses = '[]', activeProfiles = '{}', propertySourceLocations = '{}', propertySourceProperties = '{org.springframework.boot.test.context.SpringBootTestContextBootstrapper=true}', contextCustomizers = set[org.springframework.boot.test.context.SpringBootTestContextCustomizer@fd24de4, org.springframework.boot.test.context.filter.ExcludeFilterContextCustomizer@47f160a9, org.springframework.boot.test.json.DuplicateJsonObjectContextCustomizerFactory$DuplicateJsonObjectContextCustomizer@37854895, org.springframework.boot.test.mock.mockito.MockitoContextCustomizer@0, org.springframework.boot.test.autoconfigure.properties.PropertyMappingContextCustomizer@0, org.springframework.boot.test.autoconfigure.web.servlet.WebDriverContextCustomizerFactory$Customizer@10033366], resourceBasePath = 'src/main/webapp', contextLoader = 'org.springframework.boot.test.context.SpringBootContextLoader', parent = [null]]].
2018-03-05 15:32:00.486  INFO 12760 --- [    Test worker] o.s.t.c.transaction.TransactionContext   : Began transaction (1) for test context [DefaultTestContext@3a229a5 testClass = IngresarVehiculoTest, testInstance = co.ceiba.parking.IngresarVehiculoTest@5b0c00d7, testMethod = addVehiculoMotoTest@IngresarVehiculoTest, testException = [null], mergedContextConfiguration = [WebMergedContextConfiguration@5419b860 testClass = IngresarVehiculoTest, locations = '{}', classes = '{class co.ceiba.parking.ParkingApplication, class co.ceiba.parking.ParkingApplication}', contextInitializerClasses = '[]', activeProfiles = '{}', propertySourceLocations = '{}', propertySourceProperties = '{org.springframework.boot.test.context.SpringBootTestContextBootstrapper=true}', contextCustomizers = set[org.springframework.boot.test.context.SpringBootTestContextCustomizer@fd24de4, org.springframework.boot.test.context.filter.ExcludeFilterContextCustomizer@47f160a9, org.springframework.boot.test.json.DuplicateJsonObjectContextCustomizerFactory$DuplicateJsonObjectContextCustomizer@37854895, org.springframework.boot.test.mock.mockito.MockitoContextCustomizer@0, org.springframework.boot.test.autoconfigure.properties.PropertyMappingContextCustomizer@0, org.springframework.boot.test.autoconfigure.web.servlet.WebDriverContextCustomizerFactory$Customizer@10033366], resourceBasePath = 'src/main/webapp', contextLoader = 'org.springframework.boot.test.context.SpringBootContextLoader', parent = [null]]]; transaction manager [org.springframework.orm.jpa.JpaTransactionManager@139cf8c7]; rollback [true]
2018-03-05 15:32:00.488  INFO 12760 --- [    Test worker] c.c.p.service.impl.VigilanteServiceImpl  : METHOD: addMotoco.ceiba.parking.model.MotoModel@5513f2eb
Hibernate: select parkingent0_.id_parking as id_parki1_1_, parkingent0_.num_celdas_carro as num_celd2_1_, parkingent0_.num_celdas_moto as num_celd3_1_, parkingent0_.precio_dia_carro as precio_d4_1_, parkingent0_.precio_dia_moto as precio_d5_1_, parkingent0_.precio_hora_carro as precio_h6_1_, parkingent0_.precio_hora_moto as precio_h7_1_ from parking parkingent0_ where parkingent0_.id_parking=?
Hibernate: select facturaent0_.id_factura as id_factu1_0_, facturaent0_.cilindraje as cilindra2_0_, facturaent0_.estado as estado3_0_, facturaent0_.hora_ingreso as hora_ing4_0_, facturaent0_.hora_salida as hora_sal5_0_, facturaent0_.pago_total as pago_tot6_0_, facturaent0_.placa as placa7_0_, facturaent0_.tiempo_de_parqueo as tiempo_d8_0_, facturaent0_.tipo_vehiculo as tipo_veh9_0_ from factura facturaent0_ where facturaent0_.placa=? and facturaent0_.estado=?
Hibernate: select parkingent0_.id_parking as id_parki1_1_, parkingent0_.num_celdas_carro as num_celd2_1_, parkingent0_.num_celdas_moto as num_celd3_1_, parkingent0_.precio_dia_carro as precio_d4_1_, parkingent0_.precio_dia_moto as precio_d5_1_, parkingent0_.precio_hora_carro as precio_h6_1_, parkingent0_.precio_hora_moto as precio_h7_1_ from parking parkingent0_ where parkingent0_.id_parking=?
Hibernate: insert into vehiculo (cilindrajes, estado, placa) values (?, ?, ?)
Hibernate: insert into factura (cilindraje, estado, hora_ingreso, hora_salida, pago_total, placa, tiempo_de_parqueo, tipo_vehiculo) values (?, ?, ?, ?, ?, ?, ?, ?)
Hibernate: select facturaent0_.id_factura as id_factu1_0_, facturaent0_.cilindraje as cilindra2_0_, facturaent0_.estado as estado3_0_, facturaent0_.hora_ingreso as hora_ing4_0_, facturaent0_.hora_salida as hora_sal5_0_, facturaent0_.pago_total as pago_tot6_0_, facturaent0_.placa as placa7_0_, facturaent0_.tiempo_de_parqueo as tiempo_d8_0_, facturaent0_.tipo_vehiculo as tipo_veh9_0_ from factura facturaent0_ where facturaent0_.placa=? and facturaent0_.estado=?
2018-03-05 15:32:00.502  INFO 12760 --- [    Test worker] o.s.t.c.transaction.TransactionContext   : Rolled back transaction for test context [DefaultTestContext@3a229a5 testClass = IngresarVehiculoTest, testInstance = co.ceiba.parking.IngresarVehiculoTest@5b0c00d7, testMethod = addVehiculoMotoTest@IngresarVehiculoTest, testException = [null], mergedContextConfiguration = [WebMergedContextConfiguration@5419b860 testClass = IngresarVehiculoTest, locations = '{}', classes = '{class co.ceiba.parking.ParkingApplication, class co.ceiba.parking.ParkingApplication}', contextInitializerClasses = '[]', activeProfiles = '{}', propertySourceLocations = '{}', propertySourceProperties = '{org.springframework.boot.test.context.SpringBootTestContextBootstrapper=true}', contextCustomizers = set[org.springframework.boot.test.context.SpringBootTestContextCustomizer@fd24de4, org.springframework.boot.test.context.filter.ExcludeFilterContextCustomizer@47f160a9, org.springframework.boot.test.json.DuplicateJsonObjectContextCustomizerFactory$DuplicateJsonObjectContextCustomizer@37854895, org.springframework.boot.test.mock.mockito.MockitoContextCustomizer@0, org.springframework.boot.test.autoconfigure.properties.PropertyMappingContextCustomizer@0, org.springframework.boot.test.autoconfigure.web.servlet.WebDriverContextCustomizerFactory$Customizer@10033366], resourceBasePath = 'src/main/webapp', contextLoader = 'org.springframework.boot.test.context.SpringBootContextLoader', parent = [null]]].
]]></system-out>
  <system-err><![CDATA[]]></system-err>
</testsuite>
