<?xml version="1.0" encoding="UTF-8"?>
<testsuite name="co.ceiba.parking.ListaVehiculosActivosTest" tests="1" skipped="0" failures="0" errors="0" timestamp="2018-03-05T20:32:00" hostname="WILMAR-GALEANO" time="0.029">
  <properties/>
  <testcase name="ListaVehiculosActivostest" classname="co.ceiba.parking.ListaVehiculosActivosTest" time="0.029"/>
  <system-out><![CDATA[2018-03-05 15:32:00.504  INFO 12760 --- [    Test worker] .b.t.c.SpringBootTestContextBootstrapper : Neither @ContextConfiguration nor @ContextHierarchy found for test class [co.ceiba.parking.ListaVehiculosActivosTest], using SpringBootContextLoader
2018-03-05 15:32:00.505  INFO 12760 --- [    Test worker] o.s.t.c.support.AbstractContextLoader    : Could not detect default resource locations for test class [co.ceiba.parking.ListaVehiculosActivosTest]: no resource found for suffixes {-context.xml, Context.groovy}.
2018-03-05 15:32:00.511  INFO 12760 --- [    Test worker] .b.t.c.SpringBootTestContextBootstrapper : Loaded default TestExecutionListener class names from location [META-INF/spring.factories]: [org.springframework.boot.test.mock.mockito.MockitoTestExecutionListener, org.springframework.boot.test.mock.mockito.ResetMocksTestExecutionListener, org.springframework.boot.test.autoconfigure.restdocs.RestDocsTestExecutionListener, org.springframework.boot.test.autoconfigure.web.client.MockRestServiceServerResetTestExecutionListener, org.springframework.boot.test.autoconfigure.web.servlet.MockMvcPrintOnlyOnFailureTestExecutionListener, org.springframework.boot.test.autoconfigure.web.servlet.WebDriverTestExecutionListener, org.springframework.test.context.web.ServletTestExecutionListener, org.springframework.test.context.support.DirtiesContextBeforeModesTestExecutionListener, org.springframework.test.context.support.DependencyInjectionTestExecutionListener, org.springframework.test.context.support.DirtiesContextTestExecutionListener, org.springframework.test.context.transaction.TransactionalTestExecutionListener, org.springframework.test.context.jdbc.SqlScriptsTestExecutionListener]
2018-03-05 15:32:00.513  INFO 12760 --- [    Test worker] .b.t.c.SpringBootTestContextBootstrapper : Using TestExecutionListeners: [org.springframework.test.context.web.ServletTestExecutionListener@543709bf, org.springframework.test.context.support.DirtiesContextBeforeModesTestExecutionListener@5563ca9e, org.springframework.boot.test.autoconfigure.SpringBootDependencyInjectionTestExecutionListener@6ddc4f42, org.springframework.test.context.support.DirtiesContextTestExecutionListener@7a95350d, org.springframework.test.context.transaction.TransactionalTestExecutionListener@1683a111, org.springframework.test.context.jdbc.SqlScriptsTestExecutionListener@5dffbe65, org.springframework.boot.test.mock.mockito.MockitoTestExecutionListener@52565cc7, org.springframework.boot.test.autoconfigure.web.servlet.MockMvcPrintOnlyOnFailureTestExecutionListener@13826dd, org.springframework.boot.test.mock.mockito.ResetMocksTestExecutionListener@a3894c2, org.springframework.boot.test.autoconfigure.web.client.MockRestServiceServerResetTestExecutionListener@2a140f76, org.springframework.boot.test.autoconfigure.web.servlet.WebDriverTestExecutionListener@4ac4de97, org.springframework.boot.test.autoconfigure.restdocs.RestDocsTestExecutionListener@a8a17dc]
2018-03-05 15:32:00.516  INFO 12760 --- [    Test worker] c.c.p.service.impl.VigilanteServiceImpl  : METHOD: addCarroServicioco.ceiba.parking.model.CarroModel@780d5cc8
Hibernate: select parkingent0_.id_parking as id_parki1_1_, parkingent0_.num_celdas_carro as num_celd2_1_, parkingent0_.num_celdas_moto as num_celd3_1_, parkingent0_.precio_dia_carro as precio_d4_1_, parkingent0_.precio_dia_moto as precio_d5_1_, parkingent0_.precio_hora_carro as precio_h6_1_, parkingent0_.precio_hora_moto as precio_h7_1_ from parking parkingent0_ where parkingent0_.id_parking=?
Hibernate: select facturaent0_.id_factura as id_factu1_0_, facturaent0_.cilindraje as cilindra2_0_, facturaent0_.estado as estado3_0_, facturaent0_.hora_ingreso as hora_ing4_0_, facturaent0_.hora_salida as hora_sal5_0_, facturaent0_.pago_total as pago_tot6_0_, facturaent0_.placa as placa7_0_, facturaent0_.tiempo_de_parqueo as tiempo_d8_0_, facturaent0_.tipo_vehiculo as tipo_veh9_0_ from factura facturaent0_ where facturaent0_.placa=? and facturaent0_.estado=?
Hibernate: select parkingent0_.id_parking as id_parki1_1_, parkingent0_.num_celdas_carro as num_celd2_1_, parkingent0_.num_celdas_moto as num_celd3_1_, parkingent0_.precio_dia_carro as precio_d4_1_, parkingent0_.precio_dia_moto as precio_d5_1_, parkingent0_.precio_hora_carro as precio_h6_1_, parkingent0_.precio_hora_moto as precio_h7_1_ from parking parkingent0_ where parkingent0_.id_parking=?
Hibernate: insert into vehiculo (cilindrajes, estado, placa) values (?, ?, ?)
Hibernate: insert into factura (cilindraje, estado, hora_ingreso, hora_salida, pago_total, placa, tiempo_de_parqueo, tipo_vehiculo) values (?, ?, ?, ?, ?, ?, ?, ?)
2018-03-05 15:32:00.528  INFO 12760 --- [    Test worker] c.c.p.service.impl.VigilanteServiceImpl  : METHOD: addMotoco.ceiba.parking.model.MotoModel@5a532bb1
Hibernate: select parkingent0_.id_parking as id_parki1_1_, parkingent0_.num_celdas_carro as num_celd2_1_, parkingent0_.num_celdas_moto as num_celd3_1_, parkingent0_.precio_dia_carro as precio_d4_1_, parkingent0_.precio_dia_moto as precio_d5_1_, parkingent0_.precio_hora_carro as precio_h6_1_, parkingent0_.precio_hora_moto as precio_h7_1_ from parking parkingent0_ where parkingent0_.id_parking=?
Hibernate: select facturaent0_.id_factura as id_factu1_0_, facturaent0_.cilindraje as cilindra2_0_, facturaent0_.estado as estado3_0_, facturaent0_.hora_ingreso as hora_ing4_0_, facturaent0_.hora_salida as hora_sal5_0_, facturaent0_.pago_total as pago_tot6_0_, facturaent0_.placa as placa7_0_, facturaent0_.tiempo_de_parqueo as tiempo_d8_0_, facturaent0_.tipo_vehiculo as tipo_veh9_0_ from factura facturaent0_ where facturaent0_.placa=? and facturaent0_.estado=?
Hibernate: select parkingent0_.id_parking as id_parki1_1_, parkingent0_.num_celdas_carro as num_celd2_1_, parkingent0_.num_celdas_moto as num_celd3_1_, parkingent0_.precio_dia_carro as precio_d4_1_, parkingent0_.precio_dia_moto as precio_d5_1_, parkingent0_.precio_hora_carro as precio_h6_1_, parkingent0_.precio_hora_moto as precio_h7_1_ from parking parkingent0_ where parkingent0_.id_parking=?
Hibernate: insert into vehiculo (cilindrajes, estado, placa) values (?, ?, ?)
Hibernate: insert into factura (cilindraje, estado, hora_ingreso, hora_salida, pago_total, placa, tiempo_de_parqueo, tipo_vehiculo) values (?, ?, ?, ?, ?, ?, ?, ?)
Hibernate: select facturaent0_.id_factura as id_factu1_0_, facturaent0_.cilindraje as cilindra2_0_, facturaent0_.estado as estado3_0_, facturaent0_.hora_ingreso as hora_ing4_0_, facturaent0_.hora_salida as hora_sal5_0_, facturaent0_.pago_total as pago_tot6_0_, facturaent0_.placa as placa7_0_, facturaent0_.tiempo_de_parqueo as tiempo_d8_0_, facturaent0_.tipo_vehiculo as tipo_veh9_0_ from factura facturaent0_ where facturaent0_.estado=?
]]></system-out>
  <system-err><![CDATA[]]></system-err>
</testsuite>
