<?xml version="1.0" encoding="UTF-8"?>
<testsuite name="co.ceiba.parking.ValorAdicionalCilindraje" tests="2" skipped="0" failures="0" errors="0" timestamp="2018-02-19T20:48:08" hostname="WILMAR-GALEANO" time="0.007">
  <properties/>
  <testcase name="ValorAdicionalCilindrajeValidotest" classname="co.ceiba.parking.ValorAdicionalCilindraje" time="0.004"/>
  <testcase name="ValorAdicionalCilindrajeNoValidotest" classname="co.ceiba.parking.ValorAdicionalCilindraje" time="0.002"/>
  <system-out><![CDATA[2018-02-19 15:48:08.905  INFO 8164 --- [    Test worker] .b.t.c.SpringBootTestContextBootstrapper : Neither @ContextConfiguration nor @ContextHierarchy found for test class [co.ceiba.parking.ValorAdicionalCilindraje], using SpringBootContextLoader
2018-02-19 15:48:08.906  INFO 8164 --- [    Test worker] o.s.t.c.support.AbstractContextLoader    : Could not detect default resource locations for test class [co.ceiba.parking.ValorAdicionalCilindraje]: no resource found for suffixes {-context.xml, Context.groovy}.
2018-02-19 15:48:08.912  INFO 8164 --- [    Test worker] .b.t.c.SpringBootTestContextBootstrapper : Loaded default TestExecutionListener class names from location [META-INF/spring.factories]: [org.springframework.boot.test.mock.mockito.MockitoTestExecutionListener, org.springframework.boot.test.mock.mockito.ResetMocksTestExecutionListener, org.springframework.boot.test.autoconfigure.restdocs.RestDocsTestExecutionListener, org.springframework.boot.test.autoconfigure.web.client.MockRestServiceServerResetTestExecutionListener, org.springframework.boot.test.autoconfigure.web.servlet.MockMvcPrintOnlyOnFailureTestExecutionListener, org.springframework.boot.test.autoconfigure.web.servlet.WebDriverTestExecutionListener, org.springframework.test.context.web.ServletTestExecutionListener, org.springframework.test.context.support.DirtiesContextBeforeModesTestExecutionListener, org.springframework.test.context.support.DependencyInjectionTestExecutionListener, org.springframework.test.context.support.DirtiesContextTestExecutionListener, org.springframework.test.context.transaction.TransactionalTestExecutionListener, org.springframework.test.context.jdbc.SqlScriptsTestExecutionListener]
2018-02-19 15:48:08.915  INFO 8164 --- [    Test worker] .b.t.c.SpringBootTestContextBootstrapper : Using TestExecutionListeners: [org.springframework.test.context.web.ServletTestExecutionListener@4f23db6f, org.springframework.test.context.support.DirtiesContextBeforeModesTestExecutionListener@224edb3b, org.springframework.boot.test.autoconfigure.SpringBootDependencyInjectionTestExecutionListener@44ef5850, org.springframework.test.context.support.DirtiesContextTestExecutionListener@79c86182, org.springframework.test.context.transaction.TransactionalTestExecutionListener@28612577, org.springframework.test.context.jdbc.SqlScriptsTestExecutionListener@7c22a443, org.springframework.boot.test.autoconfigure.restdocs.RestDocsTestExecutionListener@42b15e4f, org.springframework.boot.test.autoconfigure.web.client.MockRestServiceServerResetTestExecutionListener@78cff3ea, org.springframework.boot.test.mock.mockito.MockitoTestExecutionListener@59242b19, org.springframework.boot.test.mock.mockito.ResetMocksTestExecutionListener@304d8cc2, org.springframework.boot.test.autoconfigure.web.servlet.MockMvcPrintOnlyOnFailureTestExecutionListener@7846ffa2, org.springframework.boot.test.autoconfigure.web.servlet.WebDriverTestExecutionListener@7f1113e3]
]]></system-out>
  <system-err><![CDATA[]]></system-err>
</testsuite>
