<?xml version="1.0" encoding="UTF-8"?>
<testsuite name="co.ceiba.parking.ValorAdicionalCilindraje" tests="2" skipped="0" failures="0" errors="0" timestamp="2018-02-21T14:47:31" hostname="WILMAR-GALEANO" time="0.015">
  <properties/>
  <testcase name="ValorAdicionalCilindrajeValidotest" classname="co.ceiba.parking.ValorAdicionalCilindraje" time="0.015"/>
  <testcase name="ValorAdicionalCilindrajeNoValidotest" classname="co.ceiba.parking.ValorAdicionalCilindraje" time="0.0"/>
  <system-out><![CDATA[2018-02-21 09:47:31.775  INFO 3020 --- [    Test worker] .b.t.c.SpringBootTestContextBootstrapper : Neither @ContextConfiguration nor @ContextHierarchy found for test class [co.ceiba.parking.ValorAdicionalCilindraje], using SpringBootContextLoader
2018-02-21 09:47:31.775  INFO 3020 --- [    Test worker] o.s.t.c.support.AbstractContextLoader    : Could not detect default resource locations for test class [co.ceiba.parking.ValorAdicionalCilindraje]: no resource found for suffixes {-context.xml, Context.groovy}.
2018-02-21 09:47:31.775  INFO 3020 --- [    Test worker] .b.t.c.SpringBootTestContextBootstrapper : Loaded default TestExecutionListener class names from location [META-INF/spring.factories]: [org.springframework.boot.test.mock.mockito.MockitoTestExecutionListener, org.springframework.boot.test.mock.mockito.ResetMocksTestExecutionListener, org.springframework.boot.test.autoconfigure.restdocs.RestDocsTestExecutionListener, org.springframework.boot.test.autoconfigure.web.client.MockRestServiceServerResetTestExecutionListener, org.springframework.boot.test.autoconfigure.web.servlet.MockMvcPrintOnlyOnFailureTestExecutionListener, org.springframework.boot.test.autoconfigure.web.servlet.WebDriverTestExecutionListener, org.springframework.test.context.web.ServletTestExecutionListener, org.springframework.test.context.support.DirtiesContextBeforeModesTestExecutionListener, org.springframework.test.context.support.DependencyInjectionTestExecutionListener, org.springframework.test.context.support.DirtiesContextTestExecutionListener, org.springframework.test.context.transaction.TransactionalTestExecutionListener, org.springframework.test.context.jdbc.SqlScriptsTestExecutionListener]
2018-02-21 09:47:31.775  INFO 3020 --- [    Test worker] .b.t.c.SpringBootTestContextBootstrapper : Using TestExecutionListeners: [org.springframework.test.context.web.ServletTestExecutionListener@3a94ad6, org.springframework.test.context.support.DirtiesContextBeforeModesTestExecutionListener@54c54514, org.springframework.boot.test.autoconfigure.SpringBootDependencyInjectionTestExecutionListener@5eb01774, org.springframework.test.context.support.DirtiesContextTestExecutionListener@4b31d797, org.springframework.test.context.transaction.TransactionalTestExecutionListener@207dbdd, org.springframework.test.context.jdbc.SqlScriptsTestExecutionListener@7c94c36c, org.springframework.boot.test.mock.mockito.ResetMocksTestExecutionListener@22c1603d, org.springframework.boot.test.autoconfigure.web.client.MockRestServiceServerResetTestExecutionListener@6789969d, org.springframework.boot.test.mock.mockito.MockitoTestExecutionListener@5bec7082, org.springframework.boot.test.autoconfigure.web.servlet.WebDriverTestExecutionListener@1394730, org.springframework.boot.test.autoconfigure.restdocs.RestDocsTestExecutionListener@28501fa2, org.springframework.boot.test.autoconfigure.web.servlet.MockMvcPrintOnlyOnFailureTestExecutionListener@346594b]
]]></system-out>
  <system-err><![CDATA[]]></system-err>
</testsuite>
