<?xml version="1.0" encoding="UTF-8"?>
<testsuite name="co.ceiba.parking.VerificarPlacaConElDiaTest" tests="5" skipped="0" failures="0" errors="0" timestamp="2018-03-05T20:32:00" hostname="WILMAR-GALEANO" time="0.026">
  <properties/>
  <testcase name="testVerificarPlacaTieneLetraAyDiaDomingo" classname="co.ceiba.parking.VerificarPlacaConElDiaTest" time="0.005"/>
  <testcase name="testVerificarPlacaNoTieneLetraAyDiaDomingo" classname="co.ceiba.parking.VerificarPlacaConElDiaTest" time="0.004"/>
  <testcase name="testVerificarPlacaTieneLetraAyDiaLunes" classname="co.ceiba.parking.VerificarPlacaConElDiaTest" time="0.005"/>
  <testcase name="testVerificarPlacaTieneLetraAyNoDiaDomingo" classname="co.ceiba.parking.VerificarPlacaConElDiaTest" time="0.004"/>
  <testcase name="testVerificarPlacaNoTieneLetraAyDiaLunes" classname="co.ceiba.parking.VerificarPlacaConElDiaTest" time="0.004"/>
  <system-out><![CDATA[2018-03-05 15:32:00.689  INFO 12760 --- [    Test worker] .b.t.c.SpringBootTestContextBootstrapper : Neither @ContextConfiguration nor @ContextHierarchy found for test class [co.ceiba.parking.VerificarPlacaConElDiaTest], using SpringBootContextLoader
2018-03-05 15:32:00.690  INFO 12760 --- [    Test worker] o.s.t.c.support.AbstractContextLoader    : Could not detect default resource locations for test class [co.ceiba.parking.VerificarPlacaConElDiaTest]: no resource found for suffixes {-context.xml, Context.groovy}.
2018-03-05 15:32:00.695  INFO 12760 --- [    Test worker] .b.t.c.SpringBootTestContextBootstrapper : Loaded default TestExecutionListener class names from location [META-INF/spring.factories]: [org.springframework.boot.test.mock.mockito.MockitoTestExecutionListener, org.springframework.boot.test.mock.mockito.ResetMocksTestExecutionListener, org.springframework.boot.test.autoconfigure.restdocs.RestDocsTestExecutionListener, org.springframework.boot.test.autoconfigure.web.client.MockRestServiceServerResetTestExecutionListener, org.springframework.boot.test.autoconfigure.web.servlet.MockMvcPrintOnlyOnFailureTestExecutionListener, org.springframework.boot.test.autoconfigure.web.servlet.WebDriverTestExecutionListener, org.springframework.test.context.web.ServletTestExecutionListener, org.springframework.test.context.support.DirtiesContextBeforeModesTestExecutionListener, org.springframework.test.context.support.DependencyInjectionTestExecutionListener, org.springframework.test.context.support.DirtiesContextTestExecutionListener, org.springframework.test.context.transaction.TransactionalTestExecutionListener, org.springframework.test.context.jdbc.SqlScriptsTestExecutionListener]
2018-03-05 15:32:00.697  INFO 12760 --- [    Test worker] .b.t.c.SpringBootTestContextBootstrapper : Using TestExecutionListeners: [org.springframework.test.context.web.ServletTestExecutionListener@72496c2, org.springframework.test.context.support.DirtiesContextBeforeModesTestExecutionListener@2006f8ef, org.springframework.boot.test.autoconfigure.SpringBootDependencyInjectionTestExecutionListener@5b9bd0b5, org.springframework.test.context.support.DirtiesContextTestExecutionListener@5eb9e439, org.springframework.test.context.transaction.TransactionalTestExecutionListener@7d88ebaa, org.springframework.test.context.jdbc.SqlScriptsTestExecutionListener@6a5ea574, org.springframework.boot.test.mock.mockito.MockitoTestExecutionListener@6fc5cef2, org.springframework.boot.test.autoconfigure.web.servlet.MockMvcPrintOnlyOnFailureTestExecutionListener@7e4c671f, org.springframework.boot.test.mock.mockito.ResetMocksTestExecutionListener@44a316c7, org.springframework.boot.test.autoconfigure.web.client.MockRestServiceServerResetTestExecutionListener@5b497e22, org.springframework.boot.test.autoconfigure.web.servlet.WebDriverTestExecutionListener@1a3a99e7, org.springframework.boot.test.autoconfigure.restdocs.RestDocsTestExecutionListener@7d36120]
2018-03-05 15:32:00.709  INFO 12760 --- [    Test worker] o.s.t.c.transaction.TransactionContext   : Began transaction (1) for test context [DefaultTestContext@5ca2c638 testClass = VerificarPlacaConElDiaTest, testInstance = co.ceiba.parking.VerificarPlacaConElDiaTest@653d3855, testMethod = testVerificarPlacaTieneLetraAyDiaDomingo@VerificarPlacaConElDiaTest, testException = [null], mergedContextConfiguration = [WebMergedContextConfiguration@5b1a5a33 testClass = VerificarPlacaConElDiaTest, locations = '{}', classes = '{class co.ceiba.parking.ParkingApplication, class co.ceiba.parking.ParkingApplication}', contextInitializerClasses = '[]', activeProfiles = '{}', propertySourceLocations = '{}', propertySourceProperties = '{org.springframework.boot.test.context.SpringBootTestContextBootstrapper=true}', contextCustomizers = set[org.springframework.boot.test.context.SpringBootTestContextCustomizer@fd24de4, org.springframework.boot.test.context.filter.ExcludeFilterContextCustomizer@47f160a9, org.springframework.boot.test.json.DuplicateJsonObjectContextCustomizerFactory$DuplicateJsonObjectContextCustomizer@37854895, org.springframework.boot.test.mock.mockito.MockitoContextCustomizer@0, org.springframework.boot.test.autoconfigure.properties.PropertyMappingContextCustomizer@0, org.springframework.boot.test.autoconfigure.web.servlet.WebDriverContextCustomizerFactory$Customizer@10033366], resourceBasePath = 'src/main/webapp', contextLoader = 'org.springframework.boot.test.context.SpringBootContextLoader', parent = [null]]]; transaction manager [org.springframework.orm.jpa.JpaTransactionManager@139cf8c7]; rollback [true]
2018-03-05 15:32:00.713  INFO 12760 --- [    Test worker] o.s.t.c.transaction.TransactionContext   : Rolled back transaction for test context [DefaultTestContext@5ca2c638 testClass = VerificarPlacaConElDiaTest, testInstance = co.ceiba.parking.VerificarPlacaConElDiaTest@653d3855, testMethod = testVerificarPlacaTieneLetraAyDiaDomingo@VerificarPlacaConElDiaTest, testException = [null], mergedContextConfiguration = [WebMergedContextConfiguration@5b1a5a33 testClass = VerificarPlacaConElDiaTest, locations = '{}', classes = '{class co.ceiba.parking.ParkingApplication, class co.ceiba.parking.ParkingApplication}', contextInitializerClasses = '[]', activeProfiles = '{}', propertySourceLocations = '{}', propertySourceProperties = '{org.springframework.boot.test.context.SpringBootTestContextBootstrapper=true}', contextCustomizers = set[org.springframework.boot.test.context.SpringBootTestContextCustomizer@fd24de4, org.springframework.boot.test.context.filter.ExcludeFilterContextCustomizer@47f160a9, org.springframework.boot.test.json.DuplicateJsonObjectContextCustomizerFactory$DuplicateJsonObjectContextCustomizer@37854895, org.springframework.boot.test.mock.mockito.MockitoContextCustomizer@0, org.springframework.boot.test.autoconfigure.properties.PropertyMappingContextCustomizer@0, org.springframework.boot.test.autoconfigure.web.servlet.WebDriverContextCustomizerFactory$Customizer@10033366], resourceBasePath = 'src/main/webapp', contextLoader = 'org.springframework.boot.test.context.SpringBootContextLoader', parent = [null]]].
2018-03-05 15:32:00.715  INFO 12760 --- [    Test worker] o.s.t.c.transaction.TransactionContext   : Began transaction (1) for test context [DefaultTestContext@5ca2c638 testClass = VerificarPlacaConElDiaTest, testInstance = co.ceiba.parking.VerificarPlacaConElDiaTest@6c690ab4, testMethod = testVerificarPlacaNoTieneLetraAyDiaDomingo@VerificarPlacaConElDiaTest, testException = [null], mergedContextConfiguration = [WebMergedContextConfiguration@5b1a5a33 testClass = VerificarPlacaConElDiaTest, locations = '{}', classes = '{class co.ceiba.parking.ParkingApplication, class co.ceiba.parking.ParkingApplication}', contextInitializerClasses = '[]', activeProfiles = '{}', propertySourceLocations = '{}', propertySourceProperties = '{org.springframework.boot.test.context.SpringBootTestContextBootstrapper=true}', contextCustomizers = set[org.springframework.boot.test.context.SpringBootTestContextCustomizer@fd24de4, org.springframework.boot.test.context.filter.ExcludeFilterContextCustomizer@47f160a9, org.springframework.boot.test.json.DuplicateJsonObjectContextCustomizerFactory$DuplicateJsonObjectContextCustomizer@37854895, org.springframework.boot.test.mock.mockito.MockitoContextCustomizer@0, org.springframework.boot.test.autoconfigure.properties.PropertyMappingContextCustomizer@0, org.springframework.boot.test.autoconfigure.web.servlet.WebDriverContextCustomizerFactory$Customizer@10033366], resourceBasePath = 'src/main/webapp', contextLoader = 'org.springframework.boot.test.context.SpringBootContextLoader', parent = [null]]]; transaction manager [org.springframework.orm.jpa.JpaTransactionManager@139cf8c7]; rollback [true]
2018-03-05 15:32:00.718  INFO 12760 --- [    Test worker] o.s.t.c.transaction.TransactionContext   : Rolled back transaction for test context [DefaultTestContext@5ca2c638 testClass = VerificarPlacaConElDiaTest, testInstance = co.ceiba.parking.VerificarPlacaConElDiaTest@6c690ab4, testMethod = testVerificarPlacaNoTieneLetraAyDiaDomingo@VerificarPlacaConElDiaTest, testException = [null], mergedContextConfiguration = [WebMergedContextConfiguration@5b1a5a33 testClass = VerificarPlacaConElDiaTest, locations = '{}', classes = '{class co.ceiba.parking.ParkingApplication, class co.ceiba.parking.ParkingApplication}', contextInitializerClasses = '[]', activeProfiles = '{}', propertySourceLocations = '{}', propertySourceProperties = '{org.springframework.boot.test.context.SpringBootTestContextBootstrapper=true}', contextCustomizers = set[org.springframework.boot.test.context.SpringBootTestContextCustomizer@fd24de4, org.springframework.boot.test.context.filter.ExcludeFilterContextCustomizer@47f160a9, org.springframework.boot.test.json.DuplicateJsonObjectContextCustomizerFactory$DuplicateJsonObjectContextCustomizer@37854895, org.springframework.boot.test.mock.mockito.MockitoContextCustomizer@0, org.springframework.boot.test.autoconfigure.properties.PropertyMappingContextCustomizer@0, org.springframework.boot.test.autoconfigure.web.servlet.WebDriverContextCustomizerFactory$Customizer@10033366], resourceBasePath = 'src/main/webapp', contextLoader = 'org.springframework.boot.test.context.SpringBootContextLoader', parent = [null]]].
2018-03-05 15:32:00.720  INFO 12760 --- [    Test worker] o.s.t.c.transaction.TransactionContext   : Began transaction (1) for test context [DefaultTestContext@5ca2c638 testClass = VerificarPlacaConElDiaTest, testInstance = co.ceiba.parking.VerificarPlacaConElDiaTest@14f27365, testMethod = testVerificarPlacaTieneLetraAyDiaLunes@VerificarPlacaConElDiaTest, testException = [null], mergedContextConfiguration = [WebMergedContextConfiguration@5b1a5a33 testClass = VerificarPlacaConElDiaTest, locations = '{}', classes = '{class co.ceiba.parking.ParkingApplication, class co.ceiba.parking.ParkingApplication}', contextInitializerClasses = '[]', activeProfiles = '{}', propertySourceLocations = '{}', propertySourceProperties = '{org.springframework.boot.test.context.SpringBootTestContextBootstrapper=true}', contextCustomizers = set[org.springframework.boot.test.context.SpringBootTestContextCustomizer@fd24de4, org.springframework.boot.test.context.filter.ExcludeFilterContextCustomizer@47f160a9, org.springframework.boot.test.json.DuplicateJsonObjectContextCustomizerFactory$DuplicateJsonObjectContextCustomizer@37854895, org.springframework.boot.test.mock.mockito.MockitoContextCustomizer@0, org.springframework.boot.test.autoconfigure.properties.PropertyMappingContextCustomizer@0, org.springframework.boot.test.autoconfigure.web.servlet.WebDriverContextCustomizerFactory$Customizer@10033366], resourceBasePath = 'src/main/webapp', contextLoader = 'org.springframework.boot.test.context.SpringBootContextLoader', parent = [null]]]; transaction manager [org.springframework.orm.jpa.JpaTransactionManager@139cf8c7]; rollback [true]
2018-03-05 15:32:00.723  INFO 12760 --- [    Test worker] o.s.t.c.transaction.TransactionContext   : Rolled back transaction for test context [DefaultTestContext@5ca2c638 testClass = VerificarPlacaConElDiaTest, testInstance = co.ceiba.parking.VerificarPlacaConElDiaTest@14f27365, testMethod = testVerificarPlacaTieneLetraAyDiaLunes@VerificarPlacaConElDiaTest, testException = [null], mergedContextConfiguration = [WebMergedContextConfiguration@5b1a5a33 testClass = VerificarPlacaConElDiaTest, locations = '{}', classes = '{class co.ceiba.parking.ParkingApplication, class co.ceiba.parking.ParkingApplication}', contextInitializerClasses = '[]', activeProfiles = '{}', propertySourceLocations = '{}', propertySourceProperties = '{org.springframework.boot.test.context.SpringBootTestContextBootstrapper=true}', contextCustomizers = set[org.springframework.boot.test.context.SpringBootTestContextCustomizer@fd24de4, org.springframework.boot.test.context.filter.ExcludeFilterContextCustomizer@47f160a9, org.springframework.boot.test.json.DuplicateJsonObjectContextCustomizerFactory$DuplicateJsonObjectContextCustomizer@37854895, org.springframework.boot.test.mock.mockito.MockitoContextCustomizer@0, org.springframework.boot.test.autoconfigure.properties.PropertyMappingContextCustomizer@0, org.springframework.boot.test.autoconfigure.web.servlet.WebDriverContextCustomizerFactory$Customizer@10033366], resourceBasePath = 'src/main/webapp', contextLoader = 'org.springframework.boot.test.context.SpringBootContextLoader', parent = [null]]].
2018-03-05 15:32:00.725  INFO 12760 --- [    Test worker] o.s.t.c.transaction.TransactionContext   : Began transaction (1) for test context [DefaultTestContext@5ca2c638 testClass = VerificarPlacaConElDiaTest, testInstance = co.ceiba.parking.VerificarPlacaConElDiaTest@5e2bf4c5, testMethod = testVerificarPlacaTieneLetraAyNoDiaDomingo@VerificarPlacaConElDiaTest, testException = [null], mergedContextConfiguration = [WebMergedContextConfiguration@5b1a5a33 testClass = VerificarPlacaConElDiaTest, locations = '{}', classes = '{class co.ceiba.parking.ParkingApplication, class co.ceiba.parking.ParkingApplication}', contextInitializerClasses = '[]', activeProfiles = '{}', propertySourceLocations = '{}', propertySourceProperties = '{org.springframework.boot.test.context.SpringBootTestContextBootstrapper=true}', contextCustomizers = set[org.springframework.boot.test.context.SpringBootTestContextCustomizer@fd24de4, org.springframework.boot.test.context.filter.ExcludeFilterContextCustomizer@47f160a9, org.springframework.boot.test.json.DuplicateJsonObjectContextCustomizerFactory$DuplicateJsonObjectContextCustomizer@37854895, org.springframework.boot.test.mock.mockito.MockitoContextCustomizer@0, org.springframework.boot.test.autoconfigure.properties.PropertyMappingContextCustomizer@0, org.springframework.boot.test.autoconfigure.web.servlet.WebDriverContextCustomizerFactory$Customizer@10033366], resourceBasePath = 'src/main/webapp', contextLoader = 'org.springframework.boot.test.context.SpringBootContextLoader', parent = [null]]]; transaction manager [org.springframework.orm.jpa.JpaTransactionManager@139cf8c7]; rollback [true]
2018-03-05 15:32:00.728  INFO 12760 --- [    Test worker] o.s.t.c.transaction.TransactionContext   : Rolled back transaction for test context [DefaultTestContext@5ca2c638 testClass = VerificarPlacaConElDiaTest, testInstance = co.ceiba.parking.VerificarPlacaConElDiaTest@5e2bf4c5, testMethod = testVerificarPlacaTieneLetraAyNoDiaDomingo@VerificarPlacaConElDiaTest, testException = [null], mergedContextConfiguration = [WebMergedContextConfiguration@5b1a5a33 testClass = VerificarPlacaConElDiaTest, locations = '{}', classes = '{class co.ceiba.parking.ParkingApplication, class co.ceiba.parking.ParkingApplication}', contextInitializerClasses = '[]', activeProfiles = '{}', propertySourceLocations = '{}', propertySourceProperties = '{org.springframework.boot.test.context.SpringBootTestContextBootstrapper=true}', contextCustomizers = set[org.springframework.boot.test.context.SpringBootTestContextCustomizer@fd24de4, org.springframework.boot.test.context.filter.ExcludeFilterContextCustomizer@47f160a9, org.springframework.boot.test.json.DuplicateJsonObjectContextCustomizerFactory$DuplicateJsonObjectContextCustomizer@37854895, org.springframework.boot.test.mock.mockito.MockitoContextCustomizer@0, org.springframework.boot.test.autoconfigure.properties.PropertyMappingContextCustomizer@0, org.springframework.boot.test.autoconfigure.web.servlet.WebDriverContextCustomizerFactory$Customizer@10033366], resourceBasePath = 'src/main/webapp', contextLoader = 'org.springframework.boot.test.context.SpringBootContextLoader', parent = [null]]].
2018-03-05 15:32:00.730  INFO 12760 --- [    Test worker] o.s.t.c.transaction.TransactionContext   : Began transaction (1) for test context [DefaultTestContext@5ca2c638 testClass = VerificarPlacaConElDiaTest, testInstance = co.ceiba.parking.VerificarPlacaConElDiaTest@525880c5, testMethod = testVerificarPlacaNoTieneLetraAyDiaLunes@VerificarPlacaConElDiaTest, testException = [null], mergedContextConfiguration = [WebMergedContextConfiguration@5b1a5a33 testClass = VerificarPlacaConElDiaTest, locations = '{}', classes = '{class co.ceiba.parking.ParkingApplication, class co.ceiba.parking.ParkingApplication}', contextInitializerClasses = '[]', activeProfiles = '{}', propertySourceLocations = '{}', propertySourceProperties = '{org.springframework.boot.test.context.SpringBootTestContextBootstrapper=true}', contextCustomizers = set[org.springframework.boot.test.context.SpringBootTestContextCustomizer@fd24de4, org.springframework.boot.test.context.filter.ExcludeFilterContextCustomizer@47f160a9, org.springframework.boot.test.json.DuplicateJsonObjectContextCustomizerFactory$DuplicateJsonObjectContextCustomizer@37854895, org.springframework.boot.test.mock.mockito.MockitoContextCustomizer@0, org.springframework.boot.test.autoconfigure.properties.PropertyMappingContextCustomizer@0, org.springframework.boot.test.autoconfigure.web.servlet.WebDriverContextCustomizerFactory$Customizer@10033366], resourceBasePath = 'src/main/webapp', contextLoader = 'org.springframework.boot.test.context.SpringBootContextLoader', parent = [null]]]; transaction manager [org.springframework.orm.jpa.JpaTransactionManager@139cf8c7]; rollback [true]
2018-03-05 15:32:00.734  INFO 12760 --- [    Test worker] o.s.t.c.transaction.TransactionContext   : Rolled back transaction for test context [DefaultTestContext@5ca2c638 testClass = VerificarPlacaConElDiaTest, testInstance = co.ceiba.parking.VerificarPlacaConElDiaTest@525880c5, testMethod = testVerificarPlacaNoTieneLetraAyDiaLunes@VerificarPlacaConElDiaTest, testException = [null], mergedContextConfiguration = [WebMergedContextConfiguration@5b1a5a33 testClass = VerificarPlacaConElDiaTest, locations = '{}', classes = '{class co.ceiba.parking.ParkingApplication, class co.ceiba.parking.ParkingApplication}', contextInitializerClasses = '[]', activeProfiles = '{}', propertySourceLocations = '{}', propertySourceProperties = '{org.springframework.boot.test.context.SpringBootTestContextBootstrapper=true}', contextCustomizers = set[org.springframework.boot.test.context.SpringBootTestContextCustomizer@fd24de4, org.springframework.boot.test.context.filter.ExcludeFilterContextCustomizer@47f160a9, org.springframework.boot.test.json.DuplicateJsonObjectContextCustomizerFactory$DuplicateJsonObjectContextCustomizer@37854895, org.springframework.boot.test.mock.mockito.MockitoContextCustomizer@0, org.springframework.boot.test.autoconfigure.properties.PropertyMappingContextCustomizer@0, org.springframework.boot.test.autoconfigure.web.servlet.WebDriverContextCustomizerFactory$Customizer@10033366], resourceBasePath = 'src/main/webapp', contextLoader = 'org.springframework.boot.test.context.SpringBootContextLoader', parent = [null]]].
]]></system-out>
  <system-err><![CDATA[]]></system-err>
</testsuite>
