<?xml version="1.0" encoding="UTF-8"?>
<testsuite name="co.ceiba.parking.CalcularTotalApagarMoto" tests="4" skipped="0" failures="0" errors="0" timestamp="2018-02-21T14:47:31" hostname="WILMAR-GALEANO" time="0.068">
  <properties/>
  <testcase name="CalcularTotalApagarMotoHorastest" classname="co.ceiba.parking.CalcularTotalApagarMoto" time="0.015"/>
  <testcase name="CalcularTotalApagarMotoHorasMasValorAdicionaltest" classname="co.ceiba.parking.CalcularTotalApagarMoto" time="0.016"/>
  <testcase name="CalcularTotalApagarMotoHorasMasDeUnDiaConValorAdicionaltest" classname="co.ceiba.parking.CalcularTotalApagarMoto" time="0.033"/>
  <testcase name="CalcularTotalApagarMotoHorasMasDeUnDiaSinValorAdicionaltest" classname="co.ceiba.parking.CalcularTotalApagarMoto" time="0.003"/>
  <system-out><![CDATA[2018-02-21 09:47:31.675  INFO 3020 --- [    Test worker] .b.t.c.SpringBootTestContextBootstrapper : Neither @ContextConfiguration nor @ContextHierarchy found for test class [co.ceiba.parking.CalcularTotalApagarMoto], using SpringBootContextLoader
2018-02-21 09:47:31.675  INFO 3020 --- [    Test worker] o.s.t.c.support.AbstractContextLoader    : Could not detect default resource locations for test class [co.ceiba.parking.CalcularTotalApagarMoto]: no resource found for suffixes {-context.xml, Context.groovy}.
2018-02-21 09:47:31.675  INFO 3020 --- [    Test worker] .b.t.c.SpringBootTestContextBootstrapper : Loaded default TestExecutionListener class names from location [META-INF/spring.factories]: [org.springframework.boot.test.mock.mockito.MockitoTestExecutionListener, org.springframework.boot.test.mock.mockito.ResetMocksTestExecutionListener, org.springframework.boot.test.autoconfigure.restdocs.RestDocsTestExecutionListener, org.springframework.boot.test.autoconfigure.web.client.MockRestServiceServerResetTestExecutionListener, org.springframework.boot.test.autoconfigure.web.servlet.MockMvcPrintOnlyOnFailureTestExecutionListener, org.springframework.boot.test.autoconfigure.web.servlet.WebDriverTestExecutionListener, org.springframework.test.context.web.ServletTestExecutionListener, org.springframework.test.context.support.DirtiesContextBeforeModesTestExecutionListener, org.springframework.test.context.support.DependencyInjectionTestExecutionListener, org.springframework.test.context.support.DirtiesContextTestExecutionListener, org.springframework.test.context.transaction.TransactionalTestExecutionListener, org.springframework.test.context.jdbc.SqlScriptsTestExecutionListener]
2018-02-21 09:47:31.691  INFO 3020 --- [    Test worker] .b.t.c.SpringBootTestContextBootstrapper : Using TestExecutionListeners: [org.springframework.test.context.web.ServletTestExecutionListener@7e5a7324, org.springframework.test.context.support.DirtiesContextBeforeModesTestExecutionListener@1c5f0c5b, org.springframework.boot.test.autoconfigure.SpringBootDependencyInjectionTestExecutionListener@578fe3ad, org.springframework.test.context.support.DirtiesContextTestExecutionListener@72c9a1e0, org.springframework.test.context.transaction.TransactionalTestExecutionListener@5fa72fce, org.springframework.test.context.jdbc.SqlScriptsTestExecutionListener@3bfecdb5, org.springframework.boot.test.mock.mockito.ResetMocksTestExecutionListener@13c4d3ec, org.springframework.boot.test.autoconfigure.web.client.MockRestServiceServerResetTestExecutionListener@2cbda6d5, org.springframework.boot.test.mock.mockito.MockitoTestExecutionListener@4a0225d3, org.springframework.boot.test.autoconfigure.web.servlet.WebDriverTestExecutionListener@75cda43, org.springframework.boot.test.autoconfigure.restdocs.RestDocsTestExecutionListener@32b222f7, org.springframework.boot.test.autoconfigure.web.servlet.MockMvcPrintOnlyOnFailureTestExecutionListener@73f8a17a]
Hibernate: insert into vehiculo (cilindrajes, estado, placa) values (?, ?, ?)
Hibernate: insert into factura (cilindraje, estado, hora_ingreso, hora_salida, pago_total, placa, tiempo_de_parqueo, tipo_vehiculo) values (?, ?, ?, ?, ?, ?, ?, ?)
2018-02-21 09:47:31.691  INFO 3020 --- [    Test worker] c.c.p.service.impl.VigilanteServiceImpl  : METHOD: calcularTotalMoto  
Hibernate: select parkingent0_.id_parking as id_parki1_1_, parkingent0_.num_celdas_carro as num_celd2_1_, parkingent0_.num_celdas_moto as num_celd3_1_, parkingent0_.precio_dia_carro as precio_d4_1_, parkingent0_.precio_dia_moto as precio_d5_1_, parkingent0_.precio_hora_carro as precio_h6_1_, parkingent0_.precio_hora_moto as precio_h7_1_ from parking parkingent0_ where parkingent0_.id_parking=?
Hibernate: select facturaent0_.id_factura as id_factu1_0_, facturaent0_.cilindraje as cilindra2_0_, facturaent0_.estado as estado3_0_, facturaent0_.hora_ingreso as hora_ing4_0_, facturaent0_.hora_salida as hora_sal5_0_, facturaent0_.pago_total as pago_tot6_0_, facturaent0_.placa as placa7_0_, facturaent0_.tiempo_de_parqueo as tiempo_d8_0_, facturaent0_.tipo_vehiculo as tipo_veh9_0_ from factura facturaent0_ where facturaent0_.placa=?
Hibernate: select vehiculoen0_.id_vehiculo as id_vehic1_2_0_, vehiculoen0_.cilindrajes as cilindra2_2_0_, vehiculoen0_.estado as estado3_2_0_, vehiculoen0_.placa as placa4_2_0_ from vehiculo vehiculoen0_ where vehiculoen0_.id_vehiculo=?
Hibernate: delete from vehiculo where id_vehiculo=?
Hibernate: select facturaent0_.id_factura as id_factu1_0_0_, facturaent0_.cilindraje as cilindra2_0_0_, facturaent0_.estado as estado3_0_0_, facturaent0_.hora_ingreso as hora_ing4_0_0_, facturaent0_.hora_salida as hora_sal5_0_0_, facturaent0_.pago_total as pago_tot6_0_0_, facturaent0_.placa as placa7_0_0_, facturaent0_.tiempo_de_parqueo as tiempo_d8_0_0_, facturaent0_.tipo_vehiculo as tipo_veh9_0_0_ from factura facturaent0_ where facturaent0_.id_factura=?
Hibernate: delete from factura where id_factura=?
Hibernate: insert into vehiculo (cilindrajes, estado, placa) values (?, ?, ?)
Hibernate: insert into factura (cilindraje, estado, hora_ingreso, hora_salida, pago_total, placa, tiempo_de_parqueo, tipo_vehiculo) values (?, ?, ?, ?, ?, ?, ?, ?)
2018-02-21 09:47:31.722  INFO 3020 --- [    Test worker] c.c.p.service.impl.VigilanteServiceImpl  : METHOD: calcularTotalMoto  
Hibernate: select parkingent0_.id_parking as id_parki1_1_, parkingent0_.num_celdas_carro as num_celd2_1_, parkingent0_.num_celdas_moto as num_celd3_1_, parkingent0_.precio_dia_carro as precio_d4_1_, parkingent0_.precio_dia_moto as precio_d5_1_, parkingent0_.precio_hora_carro as precio_h6_1_, parkingent0_.precio_hora_moto as precio_h7_1_ from parking parkingent0_ where parkingent0_.id_parking=?
Hibernate: select facturaent0_.id_factura as id_factu1_0_, facturaent0_.cilindraje as cilindra2_0_, facturaent0_.estado as estado3_0_, facturaent0_.hora_ingreso as hora_ing4_0_, facturaent0_.hora_salida as hora_sal5_0_, facturaent0_.pago_total as pago_tot6_0_, facturaent0_.placa as placa7_0_, facturaent0_.tiempo_de_parqueo as tiempo_d8_0_, facturaent0_.tipo_vehiculo as tipo_veh9_0_ from factura facturaent0_ where facturaent0_.placa=?
Hibernate: select vehiculoen0_.id_vehiculo as id_vehic1_2_0_, vehiculoen0_.cilindrajes as cilindra2_2_0_, vehiculoen0_.estado as estado3_2_0_, vehiculoen0_.placa as placa4_2_0_ from vehiculo vehiculoen0_ where vehiculoen0_.id_vehiculo=?
Hibernate: delete from vehiculo where id_vehiculo=?
Hibernate: select facturaent0_.id_factura as id_factu1_0_0_, facturaent0_.cilindraje as cilindra2_0_0_, facturaent0_.estado as estado3_0_0_, facturaent0_.hora_ingreso as hora_ing4_0_0_, facturaent0_.hora_salida as hora_sal5_0_0_, facturaent0_.pago_total as pago_tot6_0_0_, facturaent0_.placa as placa7_0_0_, facturaent0_.tiempo_de_parqueo as tiempo_d8_0_0_, facturaent0_.tipo_vehiculo as tipo_veh9_0_0_ from factura facturaent0_ where facturaent0_.id_factura=?
Hibernate: delete from factura where id_factura=?
Hibernate: insert into vehiculo (cilindrajes, estado, placa) values (?, ?, ?)
Hibernate: insert into factura (cilindraje, estado, hora_ingreso, hora_salida, pago_total, placa, tiempo_de_parqueo, tipo_vehiculo) values (?, ?, ?, ?, ?, ?, ?, ?)
2018-02-21 09:47:31.744  INFO 3020 --- [    Test worker] c.c.p.service.impl.VigilanteServiceImpl  : METHOD: calcularTotalMoto  
Hibernate: select parkingent0_.id_parking as id_parki1_1_, parkingent0_.num_celdas_carro as num_celd2_1_, parkingent0_.num_celdas_moto as num_celd3_1_, parkingent0_.precio_dia_carro as precio_d4_1_, parkingent0_.precio_dia_moto as precio_d5_1_, parkingent0_.precio_hora_carro as precio_h6_1_, parkingent0_.precio_hora_moto as precio_h7_1_ from parking parkingent0_ where parkingent0_.id_parking=?
Hibernate: select facturaent0_.id_factura as id_factu1_0_, facturaent0_.cilindraje as cilindra2_0_, facturaent0_.estado as estado3_0_, facturaent0_.hora_ingreso as hora_ing4_0_, facturaent0_.hora_salida as hora_sal5_0_, facturaent0_.pago_total as pago_tot6_0_, facturaent0_.placa as placa7_0_, facturaent0_.tiempo_de_parqueo as tiempo_d8_0_, facturaent0_.tipo_vehiculo as tipo_veh9_0_ from factura facturaent0_ where facturaent0_.placa=?
Hibernate: select vehiculoen0_.id_vehiculo as id_vehic1_2_0_, vehiculoen0_.cilindrajes as cilindra2_2_0_, vehiculoen0_.estado as estado3_2_0_, vehiculoen0_.placa as placa4_2_0_ from vehiculo vehiculoen0_ where vehiculoen0_.id_vehiculo=?
Hibernate: delete from vehiculo where id_vehiculo=?
Hibernate: select facturaent0_.id_factura as id_factu1_0_0_, facturaent0_.cilindraje as cilindra2_0_0_, facturaent0_.estado as estado3_0_0_, facturaent0_.hora_ingreso as hora_ing4_0_0_, facturaent0_.hora_salida as hora_sal5_0_0_, facturaent0_.pago_total as pago_tot6_0_0_, facturaent0_.placa as placa7_0_0_, facturaent0_.tiempo_de_parqueo as tiempo_d8_0_0_, facturaent0_.tipo_vehiculo as tipo_veh9_0_0_ from factura facturaent0_ where facturaent0_.id_factura=?
Hibernate: delete from factura where id_factura=?
Hibernate: insert into vehiculo (cilindrajes, estado, placa) values (?, ?, ?)
Hibernate: insert into factura (cilindraje, estado, hora_ingreso, hora_salida, pago_total, placa, tiempo_de_parqueo, tipo_vehiculo) values (?, ?, ?, ?, ?, ?, ?, ?)
2018-02-21 09:47:31.759  INFO 3020 --- [    Test worker] c.c.p.service.impl.VigilanteServiceImpl  : METHOD: calcularTotalMoto  
Hibernate: select parkingent0_.id_parking as id_parki1_1_, parkingent0_.num_celdas_carro as num_celd2_1_, parkingent0_.num_celdas_moto as num_celd3_1_, parkingent0_.precio_dia_carro as precio_d4_1_, parkingent0_.precio_dia_moto as precio_d5_1_, parkingent0_.precio_hora_carro as precio_h6_1_, parkingent0_.precio_hora_moto as precio_h7_1_ from parking parkingent0_ where parkingent0_.id_parking=?
Hibernate: select facturaent0_.id_factura as id_factu1_0_, facturaent0_.cilindraje as cilindra2_0_, facturaent0_.estado as estado3_0_, facturaent0_.hora_ingreso as hora_ing4_0_, facturaent0_.hora_salida as hora_sal5_0_, facturaent0_.pago_total as pago_tot6_0_, facturaent0_.placa as placa7_0_, facturaent0_.tiempo_de_parqueo as tiempo_d8_0_, facturaent0_.tipo_vehiculo as tipo_veh9_0_ from factura facturaent0_ where facturaent0_.placa=?
Hibernate: select vehiculoen0_.id_vehiculo as id_vehic1_2_0_, vehiculoen0_.cilindrajes as cilindra2_2_0_, vehiculoen0_.estado as estado3_2_0_, vehiculoen0_.placa as placa4_2_0_ from vehiculo vehiculoen0_ where vehiculoen0_.id_vehiculo=?
Hibernate: delete from vehiculo where id_vehiculo=?
Hibernate: select facturaent0_.id_factura as id_factu1_0_0_, facturaent0_.cilindraje as cilindra2_0_0_, facturaent0_.estado as estado3_0_0_, facturaent0_.hora_ingreso as hora_ing4_0_0_, facturaent0_.hora_salida as hora_sal5_0_0_, facturaent0_.pago_total as pago_tot6_0_0_, facturaent0_.placa as placa7_0_0_, facturaent0_.tiempo_de_parqueo as tiempo_d8_0_0_, facturaent0_.tipo_vehiculo as tipo_veh9_0_0_ from factura facturaent0_ where facturaent0_.id_factura=?
Hibernate: delete from factura where id_factura=?
]]></system-out>
  <system-err><![CDATA[]]></system-err>
</testsuite>
