<?xml version="1.0" encoding="UTF-8"?>
<testsuite name="co.ceiba.parking.VerificarPlacaConElDia" tests="4" skipped="0" failures="0" errors="0" timestamp="2018-02-21T14:47:31" hostname="WILMAR-GALEANO" time="0.016">
  <properties/>
  <testcase name="testVerificarPlacaTieneLetraAyDiaDomingo" classname="co.ceiba.parking.VerificarPlacaConElDia" time="0.0"/>
  <testcase name="testVerificarPlacaNoTieneLetraAyDiaDomingo" classname="co.ceiba.parking.VerificarPlacaConElDia" time="0.0"/>
  <testcase name="testVerificarPlacaTieneLetraAyDiaLunes" classname="co.ceiba.parking.VerificarPlacaConElDia" time="0.016"/>
  <testcase name="testVerificarPlacaNoTieneLetraAyDiaLunes" classname="co.ceiba.parking.VerificarPlacaConElDia" time="0.0"/>
  <system-out><![CDATA[2018-02-21 09:47:31.790  INFO 3020 --- [    Test worker] .b.t.c.SpringBootTestContextBootstrapper : Neither @ContextConfiguration nor @ContextHierarchy found for test class [co.ceiba.parking.VerificarPlacaConElDia], using SpringBootContextLoader
2018-02-21 09:47:31.790  INFO 3020 --- [    Test worker] o.s.t.c.support.AbstractContextLoader    : Could not detect default resource locations for test class [co.ceiba.parking.VerificarPlacaConElDia]: no resource found for suffixes {-context.xml, Context.groovy}.
2018-02-21 09:47:31.790  INFO 3020 --- [    Test worker] .b.t.c.SpringBootTestContextBootstrapper : Loaded default TestExecutionListener class names from location [META-INF/spring.factories]: [org.springframework.boot.test.mock.mockito.MockitoTestExecutionListener, org.springframework.boot.test.mock.mockito.ResetMocksTestExecutionListener, org.springframework.boot.test.autoconfigure.restdocs.RestDocsTestExecutionListener, org.springframework.boot.test.autoconfigure.web.client.MockRestServiceServerResetTestExecutionListener, org.springframework.boot.test.autoconfigure.web.servlet.MockMvcPrintOnlyOnFailureTestExecutionListener, org.springframework.boot.test.autoconfigure.web.servlet.WebDriverTestExecutionListener, org.springframework.test.context.web.ServletTestExecutionListener, org.springframework.test.context.support.DirtiesContextBeforeModesTestExecutionListener, org.springframework.test.context.support.DependencyInjectionTestExecutionListener, org.springframework.test.context.support.DirtiesContextTestExecutionListener, org.springframework.test.context.transaction.TransactionalTestExecutionListener, org.springframework.test.context.jdbc.SqlScriptsTestExecutionListener]
2018-02-21 09:47:31.806  INFO 3020 --- [    Test worker] .b.t.c.SpringBootTestContextBootstrapper : Using TestExecutionListeners: [org.springframework.test.context.web.ServletTestExecutionListener@5011cc0a, org.springframework.test.context.support.DirtiesContextBeforeModesTestExecutionListener@53812dd4, org.springframework.boot.test.autoconfigure.SpringBootDependencyInjectionTestExecutionListener@4f120b3, org.springframework.test.context.support.DirtiesContextTestExecutionListener@7f65dc31, org.springframework.test.context.transaction.TransactionalTestExecutionListener@214a3e4b, org.springframework.test.context.jdbc.SqlScriptsTestExecutionListener@7bff583b, org.springframework.boot.test.mock.mockito.ResetMocksTestExecutionListener@76061b4f, org.springframework.boot.test.autoconfigure.web.client.MockRestServiceServerResetTestExecutionListener@27d3c5ea, org.springframework.boot.test.mock.mockito.MockitoTestExecutionListener@571b1f3d, org.springframework.boot.test.autoconfigure.web.servlet.WebDriverTestExecutionListener@56a4ab65, org.springframework.boot.test.autoconfigure.restdocs.RestDocsTestExecutionListener@103e0e9d, org.springframework.boot.test.autoconfigure.web.servlet.MockMvcPrintOnlyOnFailureTestExecutionListener@297b75e5]
]]></system-out>
  <system-err><![CDATA[]]></system-err>
</testsuite>
