<?xml version="1.0" encoding="UTF-8"?>
<testsuite name="co.ceiba.parking.CalcularTotalApagarCarro" tests="3" skipped="0" failures="0" errors="0" timestamp="2018-02-21T14:47:31" hostname="WILMAR-GALEANO" time="0.423">
  <properties/>
  <testcase name="CalcularTotalApagarCarroHorastest" classname="co.ceiba.parking.CalcularTotalApagarCarro" time="0.369"/>
  <testcase name="CalcularTotalApagarCarroHorasYMinutos" classname="co.ceiba.parking.CalcularTotalApagarCarro" time="0.031"/>
  <testcase name="CalcularTotalApagarCarroValorMalotest" classname="co.ceiba.parking.CalcularTotalApagarCarro" time="0.022"/>
  <system-out><![CDATA[2018-02-21 09:47:31.236  INFO 3020 --- [    Test worker] .b.t.c.SpringBootTestContextBootstrapper : Neither @ContextConfiguration nor @ContextHierarchy found for test class [co.ceiba.parking.CalcularTotalApagarCarro], using SpringBootContextLoader
2018-02-21 09:47:31.236  INFO 3020 --- [    Test worker] o.s.t.c.support.AbstractContextLoader    : Could not detect default resource locations for test class [co.ceiba.parking.CalcularTotalApagarCarro]: no resource found for suffixes {-context.xml, Context.groovy}.
2018-02-21 09:47:31.244  INFO 3020 --- [    Test worker] .b.t.c.SpringBootTestContextBootstrapper : Loaded default TestExecutionListener class names from location [META-INF/spring.factories]: [org.springframework.boot.test.mock.mockito.MockitoTestExecutionListener, org.springframework.boot.test.mock.mockito.ResetMocksTestExecutionListener, org.springframework.boot.test.autoconfigure.restdocs.RestDocsTestExecutionListener, org.springframework.boot.test.autoconfigure.web.client.MockRestServiceServerResetTestExecutionListener, org.springframework.boot.test.autoconfigure.web.servlet.MockMvcPrintOnlyOnFailureTestExecutionListener, org.springframework.boot.test.autoconfigure.web.servlet.WebDriverTestExecutionListener, org.springframework.test.context.web.ServletTestExecutionListener, org.springframework.test.context.support.DirtiesContextBeforeModesTestExecutionListener, org.springframework.test.context.support.DependencyInjectionTestExecutionListener, org.springframework.test.context.support.DirtiesContextTestExecutionListener, org.springframework.test.context.transaction.TransactionalTestExecutionListener, org.springframework.test.context.jdbc.SqlScriptsTestExecutionListener]
2018-02-21 09:47:31.247  INFO 3020 --- [    Test worker] .b.t.c.SpringBootTestContextBootstrapper : Using TestExecutionListeners: [org.springframework.test.context.web.ServletTestExecutionListener@70e93482, org.springframework.test.context.support.DirtiesContextBeforeModesTestExecutionListener@216f3213, org.springframework.boot.test.autoconfigure.SpringBootDependencyInjectionTestExecutionListener@57763dad, org.springframework.test.context.support.DirtiesContextTestExecutionListener@56672575, org.springframework.test.context.transaction.TransactionalTestExecutionListener@6f93461f, org.springframework.test.context.jdbc.SqlScriptsTestExecutionListener@37340e54, org.springframework.boot.test.mock.mockito.ResetMocksTestExecutionListener@5149d64a, org.springframework.boot.test.autoconfigure.web.client.MockRestServiceServerResetTestExecutionListener@3e6a1d9b, org.springframework.boot.test.mock.mockito.MockitoTestExecutionListener@4bbc07f7, org.springframework.boot.test.autoconfigure.web.servlet.WebDriverTestExecutionListener@5cede67a, org.springframework.boot.test.autoconfigure.restdocs.RestDocsTestExecutionListener@4309902b, org.springframework.boot.test.autoconfigure.web.servlet.MockMvcPrintOnlyOnFailureTestExecutionListener@2de1db14]
Hibernate: insert into vehiculo (cilindrajes, estado, placa) values (?, ?, ?)
Hibernate: insert into factura (cilindraje, estado, hora_ingreso, hora_salida, pago_total, placa, tiempo_de_parqueo, tipo_vehiculo) values (?, ?, ?, ?, ?, ?, ?, ?)
2018-02-21 09:47:31.358  INFO 3020 --- [    Test worker] o.h.h.i.QueryTranslatorFactoryInitiator  : HHH000397: Using ASTQueryTranslatorFactory
Hibernate: select parkingent0_.id_parking as id_parki1_1_, parkingent0_.num_celdas_carro as num_celd2_1_, parkingent0_.num_celdas_moto as num_celd3_1_, parkingent0_.precio_dia_carro as precio_d4_1_, parkingent0_.precio_dia_moto as precio_d5_1_, parkingent0_.precio_hora_carro as precio_h6_1_, parkingent0_.precio_hora_moto as precio_h7_1_ from parking parkingent0_ where parkingent0_.id_parking=?
Hibernate: select facturaent0_.id_factura as id_factu1_0_, facturaent0_.cilindraje as cilindra2_0_, facturaent0_.estado as estado3_0_, facturaent0_.hora_ingreso as hora_ing4_0_, facturaent0_.hora_salida as hora_sal5_0_, facturaent0_.pago_total as pago_tot6_0_, facturaent0_.placa as placa7_0_, facturaent0_.tiempo_de_parqueo as tiempo_d8_0_, facturaent0_.tipo_vehiculo as tipo_veh9_0_ from factura facturaent0_ where facturaent0_.placa=?
Hibernate: select vehiculoen0_.id_vehiculo as id_vehic1_2_0_, vehiculoen0_.cilindrajes as cilindra2_2_0_, vehiculoen0_.estado as estado3_2_0_, vehiculoen0_.placa as placa4_2_0_ from vehiculo vehiculoen0_ where vehiculoen0_.id_vehiculo=?
Hibernate: delete from vehiculo where id_vehiculo=?
Hibernate: select facturaent0_.id_factura as id_factu1_0_0_, facturaent0_.cilindraje as cilindra2_0_0_, facturaent0_.estado as estado3_0_0_, facturaent0_.hora_ingreso as hora_ing4_0_0_, facturaent0_.hora_salida as hora_sal5_0_0_, facturaent0_.pago_total as pago_tot6_0_0_, facturaent0_.placa as placa7_0_0_, facturaent0_.tiempo_de_parqueo as tiempo_d8_0_0_, facturaent0_.tipo_vehiculo as tipo_veh9_0_0_ from factura facturaent0_ where facturaent0_.id_factura=?
Hibernate: delete from factura where id_factura=?
Hibernate: insert into vehiculo (cilindrajes, estado, placa) values (?, ?, ?)
Hibernate: insert into factura (cilindraje, estado, hora_ingreso, hora_salida, pago_total, placa, tiempo_de_parqueo, tipo_vehiculo) values (?, ?, ?, ?, ?, ?, ?, ?)
Hibernate: select parkingent0_.id_parking as id_parki1_1_, parkingent0_.num_celdas_carro as num_celd2_1_, parkingent0_.num_celdas_moto as num_celd3_1_, parkingent0_.precio_dia_carro as precio_d4_1_, parkingent0_.precio_dia_moto as precio_d5_1_, parkingent0_.precio_hora_carro as precio_h6_1_, parkingent0_.precio_hora_moto as precio_h7_1_ from parking parkingent0_ where parkingent0_.id_parking=?
Hibernate: select facturaent0_.id_factura as id_factu1_0_, facturaent0_.cilindraje as cilindra2_0_, facturaent0_.estado as estado3_0_, facturaent0_.hora_ingreso as hora_ing4_0_, facturaent0_.hora_salida as hora_sal5_0_, facturaent0_.pago_total as pago_tot6_0_, facturaent0_.placa as placa7_0_, facturaent0_.tiempo_de_parqueo as tiempo_d8_0_, facturaent0_.tipo_vehiculo as tipo_veh9_0_ from factura facturaent0_ where facturaent0_.placa=?
Hibernate: select vehiculoen0_.id_vehiculo as id_vehic1_2_0_, vehiculoen0_.cilindrajes as cilindra2_2_0_, vehiculoen0_.estado as estado3_2_0_, vehiculoen0_.placa as placa4_2_0_ from vehiculo vehiculoen0_ where vehiculoen0_.id_vehiculo=?
Hibernate: delete from vehiculo where id_vehiculo=?
Hibernate: select facturaent0_.id_factura as id_factu1_0_0_, facturaent0_.cilindraje as cilindra2_0_0_, facturaent0_.estado as estado3_0_0_, facturaent0_.hora_ingreso as hora_ing4_0_0_, facturaent0_.hora_salida as hora_sal5_0_0_, facturaent0_.pago_total as pago_tot6_0_0_, facturaent0_.placa as placa7_0_0_, facturaent0_.tiempo_de_parqueo as tiempo_d8_0_0_, facturaent0_.tipo_vehiculo as tipo_veh9_0_0_ from factura facturaent0_ where facturaent0_.id_factura=?
Hibernate: delete from factura where id_factura=?
Hibernate: insert into vehiculo (cilindrajes, estado, placa) values (?, ?, ?)
Hibernate: insert into factura (cilindraje, estado, hora_ingreso, hora_salida, pago_total, placa, tiempo_de_parqueo, tipo_vehiculo) values (?, ?, ?, ?, ?, ?, ?, ?)
Hibernate: select parkingent0_.id_parking as id_parki1_1_, parkingent0_.num_celdas_carro as num_celd2_1_, parkingent0_.num_celdas_moto as num_celd3_1_, parkingent0_.precio_dia_carro as precio_d4_1_, parkingent0_.precio_dia_moto as precio_d5_1_, parkingent0_.precio_hora_carro as precio_h6_1_, parkingent0_.precio_hora_moto as precio_h7_1_ from parking parkingent0_ where parkingent0_.id_parking=?
Hibernate: select facturaent0_.id_factura as id_factu1_0_, facturaent0_.cilindraje as cilindra2_0_, facturaent0_.estado as estado3_0_, facturaent0_.hora_ingreso as hora_ing4_0_, facturaent0_.hora_salida as hora_sal5_0_, facturaent0_.pago_total as pago_tot6_0_, facturaent0_.placa as placa7_0_, facturaent0_.tiempo_de_parqueo as tiempo_d8_0_, facturaent0_.tipo_vehiculo as tipo_veh9_0_ from factura facturaent0_ where facturaent0_.placa=?
Hibernate: select vehiculoen0_.id_vehiculo as id_vehic1_2_0_, vehiculoen0_.cilindrajes as cilindra2_2_0_, vehiculoen0_.estado as estado3_2_0_, vehiculoen0_.placa as placa4_2_0_ from vehiculo vehiculoen0_ where vehiculoen0_.id_vehiculo=?
Hibernate: delete from vehiculo where id_vehiculo=?
Hibernate: select facturaent0_.id_factura as id_factu1_0_0_, facturaent0_.cilindraje as cilindra2_0_0_, facturaent0_.estado as estado3_0_0_, facturaent0_.hora_ingreso as hora_ing4_0_0_, facturaent0_.hora_salida as hora_sal5_0_0_, facturaent0_.pago_total as pago_tot6_0_0_, facturaent0_.placa as placa7_0_0_, facturaent0_.tiempo_de_parqueo as tiempo_d8_0_0_, facturaent0_.tipo_vehiculo as tipo_veh9_0_0_ from factura facturaent0_ where facturaent0_.id_factura=?
Hibernate: delete from factura where id_factura=?
]]></system-out>
  <system-err><![CDATA[]]></system-err>
</testsuite>
