<?xml version="1.0" encoding="UTF-8"?>
<testsuite name="co.ceiba.parking.CalcularTotalApagarVehiculosTest" tests="7" skipped="0" failures="0" errors="0" timestamp="2018-03-05T20:31:59" hostname="WILMAR-GALEANO" time="0.48">
  <properties/>
  <testcase name="CalcularTotalApagarCarroHorastest" classname="co.ceiba.parking.CalcularTotalApagarVehiculosTest" time="0.355"/>
  <testcase name="CalcularTotalApagarMotoHorastest" classname="co.ceiba.parking.CalcularTotalApagarVehiculosTest" time="0.02"/>
  <testcase name="CalcularTotalApagarCarroHorasYMinutos" classname="co.ceiba.parking.CalcularTotalApagarVehiculosTest" time="0.024"/>
  <testcase name="CalcularTotalApagarMotoHorasMasValorAdicionaltest" classname="co.ceiba.parking.CalcularTotalApagarVehiculosTest" time="0.024"/>
  <testcase name="CalcularTotalApagarCarroValorMalotest" classname="co.ceiba.parking.CalcularTotalApagarVehiculosTest" time="0.018"/>
  <testcase name="CalcularTotalApagarMotoHorasMasDeUnDiaConValorAdicionaltest" classname="co.ceiba.parking.CalcularTotalApagarVehiculosTest" time="0.015"/>
  <testcase name="CalcularTotalApagarMotoHorasMasDeUnDiaSinValorAdicionaltest" classname="co.ceiba.parking.CalcularTotalApagarVehiculosTest" time="0.018"/>
  <system-out><![CDATA[2018-03-05 15:31:59.943  INFO 12760 --- [    Test worker] .b.t.c.SpringBootTestContextBootstrapper : Neither @ContextConfiguration nor @ContextHierarchy found for test class [co.ceiba.parking.CalcularTotalApagarVehiculosTest], using SpringBootContextLoader
2018-03-05 15:31:59.944  INFO 12760 --- [    Test worker] o.s.t.c.support.AbstractContextLoader    : Could not detect default resource locations for test class [co.ceiba.parking.CalcularTotalApagarVehiculosTest]: no resource found for suffixes {-context.xml, Context.groovy}.
2018-03-05 15:31:59.951  INFO 12760 --- [    Test worker] .b.t.c.SpringBootTestContextBootstrapper : Loaded default TestExecutionListener class names from location [META-INF/spring.factories]: [org.springframework.boot.test.mock.mockito.MockitoTestExecutionListener, org.springframework.boot.test.mock.mockito.ResetMocksTestExecutionListener, org.springframework.boot.test.autoconfigure.restdocs.RestDocsTestExecutionListener, org.springframework.boot.test.autoconfigure.web.client.MockRestServiceServerResetTestExecutionListener, org.springframework.boot.test.autoconfigure.web.servlet.MockMvcPrintOnlyOnFailureTestExecutionListener, org.springframework.boot.test.autoconfigure.web.servlet.WebDriverTestExecutionListener, org.springframework.test.context.web.ServletTestExecutionListener, org.springframework.test.context.support.DirtiesContextBeforeModesTestExecutionListener, org.springframework.test.context.support.DependencyInjectionTestExecutionListener, org.springframework.test.context.support.DirtiesContextTestExecutionListener, org.springframework.test.context.transaction.TransactionalTestExecutionListener, org.springframework.test.context.jdbc.SqlScriptsTestExecutionListener]
2018-03-05 15:31:59.953  INFO 12760 --- [    Test worker] .b.t.c.SpringBootTestContextBootstrapper : Using TestExecutionListeners: [org.springframework.test.context.web.ServletTestExecutionListener@21816396, org.springframework.test.context.support.DirtiesContextBeforeModesTestExecutionListener@7ebc4d4c, org.springframework.boot.test.autoconfigure.SpringBootDependencyInjectionTestExecutionListener@43c6ecb2, org.springframework.test.context.support.DirtiesContextTestExecutionListener@11d987fc, org.springframework.test.context.transaction.TransactionalTestExecutionListener@3b6ecb82, org.springframework.test.context.jdbc.SqlScriptsTestExecutionListener@27a4378e, org.springframework.boot.test.mock.mockito.MockitoTestExecutionListener@5373ecb4, org.springframework.boot.test.autoconfigure.web.servlet.MockMvcPrintOnlyOnFailureTestExecutionListener@e486741, org.springframework.boot.test.mock.mockito.ResetMocksTestExecutionListener@43379fd1, org.springframework.boot.test.autoconfigure.web.client.MockRestServiceServerResetTestExecutionListener@4529d87e, org.springframework.boot.test.autoconfigure.web.servlet.WebDriverTestExecutionListener@9f39a23, org.springframework.boot.test.autoconfigure.restdocs.RestDocsTestExecutionListener@444c8633]
Hibernate: insert into vehiculo (cilindrajes, estado, placa) values (?, ?, ?)
Hibernate: insert into factura (cilindraje, estado, hora_ingreso, hora_salida, pago_total, placa, tiempo_de_parqueo, tipo_vehiculo) values (?, ?, ?, ?, ?, ?, ?, ?)
Hibernate: select facturaent0_.id_factura as id_factu1_0_0_, facturaent0_.cilindraje as cilindra2_0_0_, facturaent0_.estado as estado3_0_0_, facturaent0_.hora_ingreso as hora_ing4_0_0_, facturaent0_.hora_salida as hora_sal5_0_0_, facturaent0_.pago_total as pago_tot6_0_0_, facturaent0_.placa as placa7_0_0_, facturaent0_.tiempo_de_parqueo as tiempo_d8_0_0_, facturaent0_.tipo_vehiculo as tipo_veh9_0_0_ from factura facturaent0_ where facturaent0_.id_factura=?
Hibernate: update factura set cilindraje=?, estado=?, hora_ingreso=?, hora_salida=?, pago_total=?, placa=?, tiempo_de_parqueo=?, tipo_vehiculo=? where id_factura=?
2018-03-05 15:32:00.060  INFO 12760 --- [    Test worker] c.c.p.service.impl.VigilanteServiceImpl  : METHOD: calcularTotalVehiculo 
2018-03-05 15:32:00.086  INFO 12760 --- [    Test worker] o.h.h.i.QueryTranslatorFactoryInitiator  : HHH000397: Using ASTQueryTranslatorFactory
Hibernate: select facturaent0_.id_factura as id_factu1_0_, facturaent0_.cilindraje as cilindra2_0_, facturaent0_.estado as estado3_0_, facturaent0_.hora_ingreso as hora_ing4_0_, facturaent0_.hora_salida as hora_sal5_0_, facturaent0_.pago_total as pago_tot6_0_, facturaent0_.placa as placa7_0_, facturaent0_.tiempo_de_parqueo as tiempo_d8_0_, facturaent0_.tipo_vehiculo as tipo_veh9_0_ from factura facturaent0_ where facturaent0_.placa=?
Hibernate: select parkingent0_.id_parking as id_parki1_1_, parkingent0_.num_celdas_carro as num_celd2_1_, parkingent0_.num_celdas_moto as num_celd3_1_, parkingent0_.precio_dia_carro as precio_d4_1_, parkingent0_.precio_dia_moto as precio_d5_1_, parkingent0_.precio_hora_carro as precio_h6_1_, parkingent0_.precio_hora_moto as precio_h7_1_ from parking parkingent0_ where parkingent0_.id_parking=?
Hibernate: select facturaent0_.id_factura as id_factu1_0_0_, facturaent0_.cilindraje as cilindra2_0_0_, facturaent0_.estado as estado3_0_0_, facturaent0_.hora_ingreso as hora_ing4_0_0_, facturaent0_.hora_salida as hora_sal5_0_0_, facturaent0_.pago_total as pago_tot6_0_0_, facturaent0_.placa as placa7_0_0_, facturaent0_.tiempo_de_parqueo as tiempo_d8_0_0_, facturaent0_.tipo_vehiculo as tipo_veh9_0_0_ from factura facturaent0_ where facturaent0_.id_factura=?
Hibernate: delete from factura where id_factura=?
Hibernate: insert into vehiculo (cilindrajes, estado, placa) values (?, ?, ?)
Hibernate: insert into factura (cilindraje, estado, hora_ingreso, hora_salida, pago_total, placa, tiempo_de_parqueo, tipo_vehiculo) values (?, ?, ?, ?, ?, ?, ?, ?)
2018-03-05 15:32:00.325  INFO 12760 --- [    Test worker] c.c.p.service.impl.VigilanteServiceImpl  : METHOD: calcularTotalVehiculo 
Hibernate: select facturaent0_.id_factura as id_factu1_0_, facturaent0_.cilindraje as cilindra2_0_, facturaent0_.estado as estado3_0_, facturaent0_.hora_ingreso as hora_ing4_0_, facturaent0_.hora_salida as hora_sal5_0_, facturaent0_.pago_total as pago_tot6_0_, facturaent0_.placa as placa7_0_, facturaent0_.tiempo_de_parqueo as tiempo_d8_0_, facturaent0_.tipo_vehiculo as tipo_veh9_0_ from factura facturaent0_ where facturaent0_.placa=?
Hibernate: select parkingent0_.id_parking as id_parki1_1_, parkingent0_.num_celdas_carro as num_celd2_1_, parkingent0_.num_celdas_moto as num_celd3_1_, parkingent0_.precio_dia_carro as precio_d4_1_, parkingent0_.precio_dia_moto as precio_d5_1_, parkingent0_.precio_hora_carro as precio_h6_1_, parkingent0_.precio_hora_moto as precio_h7_1_ from parking parkingent0_ where parkingent0_.id_parking=?
Hibernate: select facturaent0_.id_factura as id_factu1_0_0_, facturaent0_.cilindraje as cilindra2_0_0_, facturaent0_.estado as estado3_0_0_, facturaent0_.hora_ingreso as hora_ing4_0_0_, facturaent0_.hora_salida as hora_sal5_0_0_, facturaent0_.pago_total as pago_tot6_0_0_, facturaent0_.placa as placa7_0_0_, facturaent0_.tiempo_de_parqueo as tiempo_d8_0_0_, facturaent0_.tipo_vehiculo as tipo_veh9_0_0_ from factura facturaent0_ where facturaent0_.id_factura=?
Hibernate: delete from factura where id_factura=?
Hibernate: insert into vehiculo (cilindrajes, estado, placa) values (?, ?, ?)
Hibernate: insert into factura (cilindraje, estado, hora_ingreso, hora_salida, pago_total, placa, tiempo_de_parqueo, tipo_vehiculo) values (?, ?, ?, ?, ?, ?, ?, ?)
2018-03-05 15:32:00.344  INFO 12760 --- [    Test worker] c.c.p.service.impl.VigilanteServiceImpl  : METHOD: calcularTotalVehiculo 
Hibernate: select facturaent0_.id_factura as id_factu1_0_, facturaent0_.cilindraje as cilindra2_0_, facturaent0_.estado as estado3_0_, facturaent0_.hora_ingreso as hora_ing4_0_, facturaent0_.hora_salida as hora_sal5_0_, facturaent0_.pago_total as pago_tot6_0_, facturaent0_.placa as placa7_0_, facturaent0_.tiempo_de_parqueo as tiempo_d8_0_, facturaent0_.tipo_vehiculo as tipo_veh9_0_ from factura facturaent0_ where facturaent0_.placa=?
Hibernate: select parkingent0_.id_parking as id_parki1_1_, parkingent0_.num_celdas_carro as num_celd2_1_, parkingent0_.num_celdas_moto as num_celd3_1_, parkingent0_.precio_dia_carro as precio_d4_1_, parkingent0_.precio_dia_moto as precio_d5_1_, parkingent0_.precio_hora_carro as precio_h6_1_, parkingent0_.precio_hora_moto as precio_h7_1_ from parking parkingent0_ where parkingent0_.id_parking=?
Hibernate: select vehiculoen0_.id_vehiculo as id_vehic1_2_0_, vehiculoen0_.cilindrajes as cilindra2_2_0_, vehiculoen0_.estado as estado3_2_0_, vehiculoen0_.placa as placa4_2_0_ from vehiculo vehiculoen0_ where vehiculoen0_.id_vehiculo=?
Hibernate: delete from vehiculo where id_vehiculo=?
Hibernate: select facturaent0_.id_factura as id_factu1_0_0_, facturaent0_.cilindraje as cilindra2_0_0_, facturaent0_.estado as estado3_0_0_, facturaent0_.hora_ingreso as hora_ing4_0_0_, facturaent0_.hora_salida as hora_sal5_0_0_, facturaent0_.pago_total as pago_tot6_0_0_, facturaent0_.placa as placa7_0_0_, facturaent0_.tiempo_de_parqueo as tiempo_d8_0_0_, facturaent0_.tipo_vehiculo as tipo_veh9_0_0_ from factura facturaent0_ where facturaent0_.id_factura=?
Hibernate: delete from factura where id_factura=?
Hibernate: insert into vehiculo (cilindrajes, estado, placa) values (?, ?, ?)
Hibernate: insert into factura (cilindraje, estado, hora_ingreso, hora_salida, pago_total, placa, tiempo_de_parqueo, tipo_vehiculo) values (?, ?, ?, ?, ?, ?, ?, ?)
2018-03-05 15:32:00.368  INFO 12760 --- [    Test worker] c.c.p.service.impl.VigilanteServiceImpl  : METHOD: calcularTotalVehiculo 
Hibernate: select facturaent0_.id_factura as id_factu1_0_, facturaent0_.cilindraje as cilindra2_0_, facturaent0_.estado as estado3_0_, facturaent0_.hora_ingreso as hora_ing4_0_, facturaent0_.hora_salida as hora_sal5_0_, facturaent0_.pago_total as pago_tot6_0_, facturaent0_.placa as placa7_0_, facturaent0_.tiempo_de_parqueo as tiempo_d8_0_, facturaent0_.tipo_vehiculo as tipo_veh9_0_ from factura facturaent0_ where facturaent0_.placa=?
Hibernate: select parkingent0_.id_parking as id_parki1_1_, parkingent0_.num_celdas_carro as num_celd2_1_, parkingent0_.num_celdas_moto as num_celd3_1_, parkingent0_.precio_dia_carro as precio_d4_1_, parkingent0_.precio_dia_moto as precio_d5_1_, parkingent0_.precio_hora_carro as precio_h6_1_, parkingent0_.precio_hora_moto as precio_h7_1_ from parking parkingent0_ where parkingent0_.id_parking=?
Hibernate: select vehiculoen0_.id_vehiculo as id_vehic1_2_0_, vehiculoen0_.cilindrajes as cilindra2_2_0_, vehiculoen0_.estado as estado3_2_0_, vehiculoen0_.placa as placa4_2_0_ from vehiculo vehiculoen0_ where vehiculoen0_.id_vehiculo=?
Hibernate: delete from vehiculo where id_vehiculo=?
Hibernate: select facturaent0_.id_factura as id_factu1_0_0_, facturaent0_.cilindraje as cilindra2_0_0_, facturaent0_.estado as estado3_0_0_, facturaent0_.hora_ingreso as hora_ing4_0_0_, facturaent0_.hora_salida as hora_sal5_0_0_, facturaent0_.pago_total as pago_tot6_0_0_, facturaent0_.placa as placa7_0_0_, facturaent0_.tiempo_de_parqueo as tiempo_d8_0_0_, facturaent0_.tipo_vehiculo as tipo_veh9_0_0_ from factura facturaent0_ where facturaent0_.id_factura=?
Hibernate: delete from factura where id_factura=?
Hibernate: insert into vehiculo (cilindrajes, estado, placa) values (?, ?, ?)
Hibernate: insert into factura (cilindraje, estado, hora_ingreso, hora_salida, pago_total, placa, tiempo_de_parqueo, tipo_vehiculo) values (?, ?, ?, ?, ?, ?, ?, ?)
2018-03-05 15:32:00.392  INFO 12760 --- [    Test worker] c.c.p.service.impl.VigilanteServiceImpl  : METHOD: calcularTotalVehiculo 
Hibernate: select facturaent0_.id_factura as id_factu1_0_, facturaent0_.cilindraje as cilindra2_0_, facturaent0_.estado as estado3_0_, facturaent0_.hora_ingreso as hora_ing4_0_, facturaent0_.hora_salida as hora_sal5_0_, facturaent0_.pago_total as pago_tot6_0_, facturaent0_.placa as placa7_0_, facturaent0_.tiempo_de_parqueo as tiempo_d8_0_, facturaent0_.tipo_vehiculo as tipo_veh9_0_ from factura facturaent0_ where facturaent0_.placa=?
Hibernate: select parkingent0_.id_parking as id_parki1_1_, parkingent0_.num_celdas_carro as num_celd2_1_, parkingent0_.num_celdas_moto as num_celd3_1_, parkingent0_.precio_dia_carro as precio_d4_1_, parkingent0_.precio_dia_moto as precio_d5_1_, parkingent0_.precio_hora_carro as precio_h6_1_, parkingent0_.precio_hora_moto as precio_h7_1_ from parking parkingent0_ where parkingent0_.id_parking=?
Hibernate: select vehiculoen0_.id_vehiculo as id_vehic1_2_0_, vehiculoen0_.cilindrajes as cilindra2_2_0_, vehiculoen0_.estado as estado3_2_0_, vehiculoen0_.placa as placa4_2_0_ from vehiculo vehiculoen0_ where vehiculoen0_.id_vehiculo=?
Hibernate: delete from vehiculo where id_vehiculo=?
Hibernate: select facturaent0_.id_factura as id_factu1_0_0_, facturaent0_.cilindraje as cilindra2_0_0_, facturaent0_.estado as estado3_0_0_, facturaent0_.hora_ingreso as hora_ing4_0_0_, facturaent0_.hora_salida as hora_sal5_0_0_, facturaent0_.pago_total as pago_tot6_0_0_, facturaent0_.placa as placa7_0_0_, facturaent0_.tiempo_de_parqueo as tiempo_d8_0_0_, facturaent0_.tipo_vehiculo as tipo_veh9_0_0_ from factura facturaent0_ where facturaent0_.id_factura=?
Hibernate: delete from factura where id_factura=?
Hibernate: insert into vehiculo (cilindrajes, estado, placa) values (?, ?, ?)
Hibernate: insert into factura (cilindraje, estado, hora_ingreso, hora_salida, pago_total, placa, tiempo_de_parqueo, tipo_vehiculo) values (?, ?, ?, ?, ?, ?, ?, ?)
2018-03-05 15:32:00.411  INFO 12760 --- [    Test worker] c.c.p.service.impl.VigilanteServiceImpl  : METHOD: calcularTotalVehiculo 
Hibernate: select facturaent0_.id_factura as id_factu1_0_, facturaent0_.cilindraje as cilindra2_0_, facturaent0_.estado as estado3_0_, facturaent0_.hora_ingreso as hora_ing4_0_, facturaent0_.hora_salida as hora_sal5_0_, facturaent0_.pago_total as pago_tot6_0_, facturaent0_.placa as placa7_0_, facturaent0_.tiempo_de_parqueo as tiempo_d8_0_, facturaent0_.tipo_vehiculo as tipo_veh9_0_ from factura facturaent0_ where facturaent0_.placa=?
Hibernate: select parkingent0_.id_parking as id_parki1_1_, parkingent0_.num_celdas_carro as num_celd2_1_, parkingent0_.num_celdas_moto as num_celd3_1_, parkingent0_.precio_dia_carro as precio_d4_1_, parkingent0_.precio_dia_moto as precio_d5_1_, parkingent0_.precio_hora_carro as precio_h6_1_, parkingent0_.precio_hora_moto as precio_h7_1_ from parking parkingent0_ where parkingent0_.id_parking=?
Hibernate: select facturaent0_.id_factura as id_factu1_0_0_, facturaent0_.cilindraje as cilindra2_0_0_, facturaent0_.estado as estado3_0_0_, facturaent0_.hora_ingreso as hora_ing4_0_0_, facturaent0_.hora_salida as hora_sal5_0_0_, facturaent0_.pago_total as pago_tot6_0_0_, facturaent0_.placa as placa7_0_0_, facturaent0_.tiempo_de_parqueo as tiempo_d8_0_0_, facturaent0_.tipo_vehiculo as tipo_veh9_0_0_ from factura facturaent0_ where facturaent0_.id_factura=?
Hibernate: delete from factura where id_factura=?
Hibernate: insert into vehiculo (cilindrajes, estado, placa) values (?, ?, ?)
Hibernate: insert into factura (cilindraje, estado, hora_ingreso, hora_salida, pago_total, placa, tiempo_de_parqueo, tipo_vehiculo) values (?, ?, ?, ?, ?, ?, ?, ?)
2018-03-05 15:32:00.428  INFO 12760 --- [    Test worker] c.c.p.service.impl.VigilanteServiceImpl  : METHOD: calcularTotalVehiculo 
Hibernate: select facturaent0_.id_factura as id_factu1_0_, facturaent0_.cilindraje as cilindra2_0_, facturaent0_.estado as estado3_0_, facturaent0_.hora_ingreso as hora_ing4_0_, facturaent0_.hora_salida as hora_sal5_0_, facturaent0_.pago_total as pago_tot6_0_, facturaent0_.placa as placa7_0_, facturaent0_.tiempo_de_parqueo as tiempo_d8_0_, facturaent0_.tipo_vehiculo as tipo_veh9_0_ from factura facturaent0_ where facturaent0_.placa=?
Hibernate: select parkingent0_.id_parking as id_parki1_1_, parkingent0_.num_celdas_carro as num_celd2_1_, parkingent0_.num_celdas_moto as num_celd3_1_, parkingent0_.precio_dia_carro as precio_d4_1_, parkingent0_.precio_dia_moto as precio_d5_1_, parkingent0_.precio_hora_carro as precio_h6_1_, parkingent0_.precio_hora_moto as precio_h7_1_ from parking parkingent0_ where parkingent0_.id_parking=?
Hibernate: select facturaent0_.id_factura as id_factu1_0_0_, facturaent0_.cilindraje as cilindra2_0_0_, facturaent0_.estado as estado3_0_0_, facturaent0_.hora_ingreso as hora_ing4_0_0_, facturaent0_.hora_salida as hora_sal5_0_0_, facturaent0_.pago_total as pago_tot6_0_0_, facturaent0_.placa as placa7_0_0_, facturaent0_.tiempo_de_parqueo as tiempo_d8_0_0_, facturaent0_.tipo_vehiculo as tipo_veh9_0_0_ from factura facturaent0_ where facturaent0_.id_factura=?
Hibernate: delete from factura where id_factura=?
]]></system-out>
  <system-err><![CDATA[]]></system-err>
</testsuite>
